<html>
<head>
<title>TestNG:  Default test</title>
<link href="../testng.css" rel="stylesheet" type="text/css" />
<link href="../my-testng.css" rel="stylesheet" type="text/css" />

<style type="text/css">
.log { display: none;} 
.stack-trace { display: none;} 
</style>
<script type="text/javascript">
<!--
function flip(e) {
  current = e.style.display;
  if (current == 'block') {
    e.style.display = 'none';
    return 0;
  }
  else {
    e.style.display = 'block';
    return 1;
  }
}

function toggleBox(szDivId, elem, msg1, msg2)
{
  var res = -1;  if (document.getElementById) {
    res = flip(document.getElementById(szDivId));
  }
  else if (document.all) {
    // this is the way old msie versions work
    res = flip(document.all[szDivId]);
  }
  if(elem) {
    if(res == 0) elem.innerHTML = msg1; else elem.innerHTML = msg2;
  }

}

function toggleAllBoxes() {
  if (document.getElementsByTagName) {
    d = document.getElementsByTagName('div');
    for (i = 0; i < d.length; i++) {
      if (d[i].className == 'log') {
        flip(d[i]);
      }
    }
  }
}

// -->
</script>

</head>
<body>
<h2 align='center'>Default test</h2><table border='1' align="center">
<tr>
<td>Tests passed/Failed/Skipped:</td><td>159/28/0</td>
</tr><tr>
<td>Started on:</td><td>Thu Mar 27 16:29:53 CDT 2025</td>
</tr>
<tr><td>Total time:</td><td>155 seconds (155790 ms)</td>
</tr><tr>
<td>Included groups:</td><td></td>
</tr><tr>
<td>Excluded groups:</td><td></td>
</tr>
</table><p/>
<small><i>(Hover the method name to see the test class name)</i></small><p/>
<table width='100%' border='1' class='invocation-failed'>
<tr><td colspan='4' align='center'><b>FAILED TESTS</b></td></tr>
<tr><td><b>Test method</b></td>
<td><b>Attribute(s)</b></td>
<td width="30%"><b>Exception</b></td>
<td width="10%"><b>Time (seconds)</b></td>
<td><b>Instance</b></td>
</tr>
<tr>
<td title='testRunner.TestRunner.runScenario()'><b>runScenario</b><br>Test class: testRunner.TestRunner<br>Test method: Runs Cucumber Scenarios<br>Parameters: "Login functionality with different values from Tese data", "Login Functionality"</td>
<td><div><pre>java.lang.AssertionError: The following asserts failed:
	Status code mismatch! expected [404] but found [401]
	at org.testng.asserts.SoftAssert.assertAll(SoftAssert.java:46)
	at org.testng.asserts.SoftAssert.assertAll(SoftAssert.java:30)
	at requestBuilder.CommonRequest.validateStatusCode(CommonRequest.java:70)
	at stepDefinitions.LoginandLogout_Step.the_admin_get_invalid_endpoint_response_code_and_message_as_and(LoginandLogout_Step.java:104)
	at ✽.The Admin get invalid Endpoint response code and message as &quot;login&quot; and &quot;TC_04_login&quot;(file:///C:/Users/ems11/Desktop/ElamathiProjects/Team04_RestfulRebels_APIPhase2/Team04_RestfulRebels/src/test/resources/features/01Login.feature:8)
</pre></div><a href='#' onClick='toggleBox("stack-trace21964111", this, "Click to show all stack frames", "Click to hide stack frames")'>Click to show all stack frames</a>
<div class='stack-trace' id='stack-trace21964111'><pre>java.lang.AssertionError: The following asserts failed:
	Status code mismatch! expected [404] but found [401]
	at org.testng.asserts.SoftAssert.assertAll(SoftAssert.java:46)
	at org.testng.asserts.SoftAssert.assertAll(SoftAssert.java:30)
	at requestBuilder.CommonRequest.validateStatusCode(CommonRequest.java:70)
	at stepDefinitions.LoginandLogout_Step.the_admin_get_invalid_endpoint_response_code_and_message_as_and(LoginandLogout_Step.java:104)
	at ✽.The Admin get invalid Endpoint response code and message as &quot;login&quot; and &quot;TC_04_login&quot;(file:///C:/Users/ems11/Desktop/ElamathiProjects/Team04_RestfulRebels_APIPhase2/Team04_RestfulRebels/src/test/resources/features/01Login.feature:8)
</pre></div></td>
<td>0</td>
<td>testRunner.TestRunner@581ac8a8</td></tr>
<tr>
<td title='testRunner.TestRunner.runScenario()'><b>runScenario</b><br>Test class: testRunner.TestRunner<br>Test method: Runs Cucumber Scenarios<br>Parameters: "Creating Class with different values from Test data", "Class Module Functionality"</td>
<td><div><pre>java.lang.AssertionError: The following asserts failed:
	Status code mismatch! expected [400] but found [201]
	at org.testng.asserts.SoftAssert.assertAll(SoftAssert.java:46)
	at org.testng.asserts.SoftAssert.assertAll(SoftAssert.java:30)
	at requestBuilder.CommonRequest.validateStatusCode(CommonRequest.java:70)
	at stepDefinitions.Class_Step.the_admin_get_invalid_data_response_code_and_message_as_and_for_class(Class_Step.java:105)
	at ✽.The Admin get invalid data response code and message as &quot;class&quot; and &quot;TC_04_class_post&quot; for Class(file:///C:/Users/ems11/Desktop/ElamathiProjects/Team04_RestfulRebels_APIPhase2/Team04_RestfulRebels/src/test/resources/features/05Class.feature:11)
</pre></div><a href='#' onClick='toggleBox("stack-trace1800100552", this, "Click to show all stack frames", "Click to hide stack frames")'>Click to show all stack frames</a>
<div class='stack-trace' id='stack-trace1800100552'><pre>java.lang.AssertionError: The following asserts failed:
	Status code mismatch! expected [400] but found [201]
	at org.testng.asserts.SoftAssert.assertAll(SoftAssert.java:46)
	at org.testng.asserts.SoftAssert.assertAll(SoftAssert.java:30)
	at requestBuilder.CommonRequest.validateStatusCode(CommonRequest.java:70)
	at stepDefinitions.Class_Step.the_admin_get_invalid_data_response_code_and_message_as_and_for_class(Class_Step.java:105)
	at ✽.The Admin get invalid data response code and message as &quot;class&quot; and &quot;TC_04_class_post&quot; for Class(file:///C:/Users/ems11/Desktop/ElamathiProjects/Team04_RestfulRebels_APIPhase2/Team04_RestfulRebels/src/test/resources/features/05Class.feature:11)
</pre></div></td>
<td>0</td>
<td>testRunner.TestRunner@581ac8a8</td></tr>
<tr>
<td title='testRunner.TestRunner.runScenario()'><b>runScenario</b><br>Test class: testRunner.TestRunner<br>Test method: Runs Cucumber Scenarios<br>Parameters: "Validating different Crud Operations with no auth", "Scenarios with No auth and Invalid Url"</td>
<td><div><pre>java.lang.AssertionError: The following asserts failed:
	Status code mismatch! expected [401] but found [200]
	at org.testng.asserts.SoftAssert.assertAll(SoftAssert.java:46)
	at org.testng.asserts.SoftAssert.assertAll(SoftAssert.java:30)
	at requestBuilder.CommonRequest.validateStatusCode(CommonRequest.java:70)
	at stepDefinitions.Program_Step.the_admin_gets_response_code_and_message_as_and_for_program(Program_Step.java:686)
	at ✽.The Admin gets response code and message as &quot;program&quot; and &quot;TC_08_program_noAuth&quot; for program(file:///C:/Users/ems11/Desktop/ElamathiProjects/Team04_RestfulRebels_APIPhase2/Team04_RestfulRebels/src/test/resources/features/06NoauthandInvalidURL.feature:69)
</pre></div><a href='#' onClick='toggleBox("stack-trace202835924", this, "Click to show all stack frames", "Click to hide stack frames")'>Click to show all stack frames</a>
<div class='stack-trace' id='stack-trace202835924'><pre>java.lang.AssertionError: The following asserts failed:
	Status code mismatch! expected [401] but found [200]
	at org.testng.asserts.SoftAssert.assertAll(SoftAssert.java:46)
	at org.testng.asserts.SoftAssert.assertAll(SoftAssert.java:30)
	at requestBuilder.CommonRequest.validateStatusCode(CommonRequest.java:70)
	at stepDefinitions.Program_Step.the_admin_gets_response_code_and_message_as_and_for_program(Program_Step.java:686)
	at ✽.The Admin gets response code and message as &quot;program&quot; and &quot;TC_08_program_noAuth&quot; for program(file:///C:/Users/ems11/Desktop/ElamathiProjects/Team04_RestfulRebels_APIPhase2/Team04_RestfulRebels/src/test/resources/features/06NoauthandInvalidURL.feature:69)
</pre></div></td>
<td>0</td>
<td>testRunner.TestRunner@581ac8a8</td></tr>
<tr>
<td title='testRunner.TestRunner.runScenario()'><b>runScenario</b><br>Test class: testRunner.TestRunner<br>Test method: Runs Cucumber Scenarios<br>Parameters: "Validating LMS API using CRUD operations with Invalid URL", "Scenarios with No auth and Invalid Url"</td>
<td><div><pre>java.lang.NullPointerException: Cannot invoke &quot;String.trim()&quot; because the return value of &quot;java.util.Map.get(Object)&quot; is null
	at requestBuilder.ProgramRequest.setEndpointProgram(ProgramRequest.java:65)
	at requestBuilder.ProgramRequest.programPost(ProgramRequest.java:119)
	at stepDefinitions.Program_Step.the_admin_sends_createclass_request_with_invalid_url_as_input_and_for_program(Program_Step.java:746)
	at ✽.The Admin sends createclass request with invalid url as input &quot;class&quot; and &quot;TC_01_program_InvalidURL&quot; for program(file:///C:/Users/ems11/Desktop/ElamathiProjects/Team04_RestfulRebels_APIPhase2/Team04_RestfulRebels/src/test/resources/features/06NoauthandInvalidURL.feature:85)
</pre></div><a href='#' onClick='toggleBox("stack-trace171758591", this, "Click to show all stack frames", "Click to hide stack frames")'>Click to show all stack frames</a>
<div class='stack-trace' id='stack-trace171758591'><pre>java.lang.NullPointerException: Cannot invoke &quot;String.trim()&quot; because the return value of &quot;java.util.Map.get(Object)&quot; is null
	at requestBuilder.ProgramRequest.setEndpointProgram(ProgramRequest.java:65)
	at requestBuilder.ProgramRequest.programPost(ProgramRequest.java:119)
	at stepDefinitions.Program_Step.the_admin_sends_createclass_request_with_invalid_url_as_input_and_for_program(Program_Step.java:746)
	at ✽.The Admin sends createclass request with invalid url as input &quot;class&quot; and &quot;TC_01_program_InvalidURL&quot; for program(file:///C:/Users/ems11/Desktop/ElamathiProjects/Team04_RestfulRebels_APIPhase2/Team04_RestfulRebels/src/test/resources/features/06NoauthandInvalidURL.feature:85)
</pre></div></td>
<td>0</td>
<td>testRunner.TestRunner@581ac8a8</td></tr>
<tr>
<td title='testRunner.TestRunner.runScenario()'><b>runScenario</b><br>Test class: testRunner.TestRunner<br>Test method: Runs Cucumber Scenarios<br>Parameters: "Updating Class with different values from Test data", "Class Module Functionality"</td>
<td><div><pre>java.lang.AssertionError: The following asserts failed:
	Status code mismatch! expected [400] but found [200]
	at org.testng.asserts.SoftAssert.assertAll(SoftAssert.java:46)
	at org.testng.asserts.SoftAssert.assertAll(SoftAssert.java:30)
	at requestBuilder.CommonRequest.validateStatusCode(CommonRequest.java:70)
	at stepDefinitions.Class_Step.the_admin_get_invalid_topic_response_code_and_message_as_and_for_class(Class_Step.java:223)
	at ✽.The Admin get invalid Topic response code and message as &quot;class&quot; and &quot;TC_05_class_put&quot; for Class(file:///C:/Users/ems11/Desktop/ElamathiProjects/Team04_RestfulRebels_APIPhase2/Team04_RestfulRebels/src/test/resources/features/05Class.feature:28)
</pre></div><a href='#' onClick='toggleBox("stack-trace709811979", this, "Click to show all stack frames", "Click to hide stack frames")'>Click to show all stack frames</a>
<div class='stack-trace' id='stack-trace709811979'><pre>java.lang.AssertionError: The following asserts failed:
	Status code mismatch! expected [400] but found [200]
	at org.testng.asserts.SoftAssert.assertAll(SoftAssert.java:46)
	at org.testng.asserts.SoftAssert.assertAll(SoftAssert.java:30)
	at requestBuilder.CommonRequest.validateStatusCode(CommonRequest.java:70)
	at stepDefinitions.Class_Step.the_admin_get_invalid_topic_response_code_and_message_as_and_for_class(Class_Step.java:223)
	at ✽.The Admin get invalid Topic response code and message as &quot;class&quot; and &quot;TC_05_class_put&quot; for Class(file:///C:/Users/ems11/Desktop/ElamathiProjects/Team04_RestfulRebels_APIPhase2/Team04_RestfulRebels/src/test/resources/features/05Class.feature:28)
</pre></div></td>
<td>0</td>
<td>testRunner.TestRunner@581ac8a8</td></tr>
<tr>
<td title='testRunner.TestRunner.runScenario()'><b>runScenario</b><br>Test class: testRunner.TestRunner<br>Test method: Runs Cucumber Scenarios<br>Parameters: "Get functionality for different endpoints for class", "Class Module Functionality"</td>
<td><div><pre>java.lang.IllegalArgumentException: parameterValue cannot be null
	at java.base/jdk.internal.reflect.DirectConstructorHandleAccessor.newInstance(DirectConstructorHandleAccessor.java:62)
	at java.base/java.lang.reflect.Constructor.newInstanceWithCaller(Constructor.java:501)
	at java.base/java.lang.reflect.Constructor.newInstance(Constructor.java:485)
	at org.codehaus.groovy.reflection.CachedConstructor.invoke(CachedConstructor.java:73)
	at org.codehaus.groovy.reflection.CachedConstructor.doConstructorInvoke(CachedConstructor.java:60)
	at org.codehaus.groovy.runtime.callsite.ConstructorSite$ConstructorSiteNoUnwrap.callConstructor(ConstructorSite.java:86)
	at org.codehaus.groovy.runtime.callsite.CallSiteArray.defaultCallConstructor(CallSiteArray.java:57)
	at org.codehaus.groovy.runtime.callsite.AbstractCallSite.callConstructor(AbstractCallSite.java:263)
	at org.codehaus.groovy.runtime.callsite.AbstractCallSite.callConstructor(AbstractCallSite.java:277)
	at io.restassured.internal.common.assertion.AssertParameter.notNull(AssertParameter.groovy:26)
	at io.restassured.internal.common.assertion.AssertParameter$notNull.callStatic(Unknown Source)
	at org.codehaus.groovy.runtime.callsite.CallSiteArray.defaultCallStatic(CallSiteArray.java:53)
	at io.restassured.internal.common.assertion.AssertParameter$notNull.callStatic(Unknown Source)
	at io.restassured.internal.RequestSpecificationImpl.pathParam(RequestSpecificationImpl.groovy:515)
	at requestBuilder.ClassRequest.classGetByIdAndTopic(ClassRequest.java:364)
	at stepDefinitions.Class_Step.the_admin_sends_https_get_request_for_get_class_by_staff_id_valid_scenarios_as_input_and_for_class(Class_Step.java:440)
	at ✽.The Admin sends HTTPS Get request for Get class by staffId valid scenarios as input &quot;class&quot; and &quot;TC_14_class_get&quot; for Class(file:///C:/Users/ems11/Desktop/ElamathiProjects/Team04_RestfulRebels_APIPhase2/Team04_RestfulRebels/src/test/resources/features/05Class.feature:50)
</pre></div><a href='#' onClick='toggleBox("stack-trace257876184", this, "Click to show all stack frames", "Click to hide stack frames")'>Click to show all stack frames</a>
<div class='stack-trace' id='stack-trace257876184'><pre>java.lang.IllegalArgumentException: parameterValue cannot be null
	at java.base/jdk.internal.reflect.DirectConstructorHandleAccessor.newInstance(DirectConstructorHandleAccessor.java:62)
	at java.base/java.lang.reflect.Constructor.newInstanceWithCaller(Constructor.java:501)
	at java.base/java.lang.reflect.Constructor.newInstance(Constructor.java:485)
	at org.codehaus.groovy.reflection.CachedConstructor.invoke(CachedConstructor.java:73)
	at org.codehaus.groovy.reflection.CachedConstructor.doConstructorInvoke(CachedConstructor.java:60)
	at org.codehaus.groovy.runtime.callsite.ConstructorSite$ConstructorSiteNoUnwrap.callConstructor(ConstructorSite.java:86)
	at org.codehaus.groovy.runtime.callsite.CallSiteArray.defaultCallConstructor(CallSiteArray.java:57)
	at org.codehaus.groovy.runtime.callsite.AbstractCallSite.callConstructor(AbstractCallSite.java:263)
	at org.codehaus.groovy.runtime.callsite.AbstractCallSite.callConstructor(AbstractCallSite.java:277)
	at io.restassured.internal.common.assertion.AssertParameter.notNull(AssertParameter.groovy:26)
	at io.restassured.internal.common.assertion.AssertParameter$notNull.callStatic(Unknown Source)
	at org.codehaus.groovy.runtime.callsite.CallSiteArray.defaultCallStatic(CallSiteArray.java:53)
	at io.restassured.internal.common.assertion.AssertParameter$notNull.callStatic(Unknown Source)
	at io.restassured.internal.RequestSpecificationImpl.pathParam(RequestSpecificationImpl.groovy:515)
	at requestBuilder.ClassRequest.classGetByIdAndTopic(ClassRequest.java:364)
	at stepDefinitions.Class_Step.the_admin_sends_https_get_request_for_get_class_by_staff_id_valid_scenarios_as_input_and_for_class(Class_Step.java:440)
	at ✽.The Admin sends HTTPS Get request for Get class by staffId valid scenarios as input &quot;class&quot; and &quot;TC_14_class_get&quot; for Class(file:///C:/Users/ems11/Desktop/ElamathiProjects/Team04_RestfulRebels_APIPhase2/Team04_RestfulRebels/src/test/resources/features/05Class.feature:50)
</pre></div></td>
<td>0</td>
<td>testRunner.TestRunner@581ac8a8</td></tr>
<tr>
<td title='testRunner.TestRunner.runScenario()'><b>runScenario</b><br>Test class: testRunner.TestRunner<br>Test method: Runs Cucumber Scenarios<br>Parameters: "Get functionality for different endpoints for User", "User Module Functionality"</td>
<td><div><pre>java.lang.AssertionError: The following asserts failed:
	Status code mismatch! expected [200] but found [400]
	at org.testng.asserts.SoftAssert.assertAll(SoftAssert.java:46)
	at org.testng.asserts.SoftAssert.assertAll(SoftAssert.java:30)
	at requestBuilder.CommonRequest.validateStatusCode(CommonRequest.java:70)
	at stepDefinitions.User_Step.the_admin_get_update_userrole_status_valid_response_code_and_message_as_and_for_user(User_Step.java:310)
	at ✽.The Admin get update userrole status valid response code and message as &quot;user&quot; and &quot;TC_20_user&quot; for User(file:///C:/Users/ems11/Desktop/ElamathiProjects/Team04_RestfulRebels_APIPhase2/Team04_RestfulRebels/src/test/resources/features/04User.feature:45)
</pre></div><a href='#' onClick='toggleBox("stack-trace785088268", this, "Click to show all stack frames", "Click to hide stack frames")'>Click to show all stack frames</a>
<div class='stack-trace' id='stack-trace785088268'><pre>java.lang.AssertionError: The following asserts failed:
	Status code mismatch! expected [200] but found [400]
	at org.testng.asserts.SoftAssert.assertAll(SoftAssert.java:46)
	at org.testng.asserts.SoftAssert.assertAll(SoftAssert.java:30)
	at requestBuilder.CommonRequest.validateStatusCode(CommonRequest.java:70)
	at stepDefinitions.User_Step.the_admin_get_update_userrole_status_valid_response_code_and_message_as_and_for_user(User_Step.java:310)
	at ✽.The Admin get update userrole status valid response code and message as &quot;user&quot; and &quot;TC_20_user&quot; for User(file:///C:/Users/ems11/Desktop/ElamathiProjects/Team04_RestfulRebels_APIPhase2/Team04_RestfulRebels/src/test/resources/features/04User.feature:45)
</pre></div></td>
<td>0</td>
<td>testRunner.TestRunner@581ac8a8</td></tr>
<tr>
<td title='testRunner.TestRunner.runScenario()'><b>runScenario</b><br>Test class: testRunner.TestRunner<br>Test method: Runs Cucumber Scenarios<br>Parameters: "Get functionality for different endpoints for User", "User Module Functionality"</td>
<td><div><pre>java.lang.AssertionError: The following asserts failed:
	Status code mismatch! expected [200] but found [400]
	at org.testng.asserts.SoftAssert.assertAll(SoftAssert.java:46)
	at org.testng.asserts.SoftAssert.assertAll(SoftAssert.java:30)
	at requestBuilder.CommonRequest.validateStatusCode(CommonRequest.java:70)
	at stepDefinitions.User_Step.the_admin_get_update_user_by_userid_valid_response_code_and_message_as_and_for_user(User_Step.java:273)
	at ✽.The Admin get update user by userid valid response code and message as &quot;user&quot; and &quot;TC_17_user&quot; for User(file:///C:/Users/ems11/Desktop/ElamathiProjects/Team04_RestfulRebels_APIPhase2/Team04_RestfulRebels/src/test/resources/features/04User.feature:45)
</pre></div><a href='#' onClick='toggleBox("stack-trace1707237647", this, "Click to show all stack frames", "Click to hide stack frames")'>Click to show all stack frames</a>
<div class='stack-trace' id='stack-trace1707237647'><pre>java.lang.AssertionError: The following asserts failed:
	Status code mismatch! expected [200] but found [400]
	at org.testng.asserts.SoftAssert.assertAll(SoftAssert.java:46)
	at org.testng.asserts.SoftAssert.assertAll(SoftAssert.java:30)
	at requestBuilder.CommonRequest.validateStatusCode(CommonRequest.java:70)
	at stepDefinitions.User_Step.the_admin_get_update_user_by_userid_valid_response_code_and_message_as_and_for_user(User_Step.java:273)
	at ✽.The Admin get update user by userid valid response code and message as &quot;user&quot; and &quot;TC_17_user&quot; for User(file:///C:/Users/ems11/Desktop/ElamathiProjects/Team04_RestfulRebels_APIPhase2/Team04_RestfulRebels/src/test/resources/features/04User.feature:45)
</pre></div></td>
<td>0</td>
<td>testRunner.TestRunner@581ac8a8</td></tr>
<tr>
<td title='testRunner.TestRunner.runScenario()'><b>runScenario</b><br>Test class: testRunner.TestRunner<br>Test method: Runs Cucumber Scenarios<br>Parameters: "Get functionality for different endpoints for User", "User Module Functionality"</td>
<td><div><pre>java.lang.ClassCastException: Cannot cast java.lang.String to java.lang.Integer
	at java.base/java.lang.Class.cast(Class.java:4139)
	at common.Utils.get(Utils.java:37)
	at requestBuilder.UserRequest.userPutPgmBatchRequestBody(UserRequest.java:160)
	at requestBuilder.UserRequest.updateUserByPgmBatch(UserRequest.java:552)
	at stepDefinitions.User_Step.the_admin_sends_https_get_request_for_assign_user_to_pgm_batch_invalid_scenarios_as_input_and_for_user(User_Step.java:330)
	at ✽.The Admin sends HTTPS Put request for assign user to pgm batch invalid scenarios as input &quot;user&quot; and &quot;TC_22_user&quot; for User(file:///C:/Users/ems11/Desktop/ElamathiProjects/Team04_RestfulRebels_APIPhase2/Team04_RestfulRebels/src/test/resources/features/04User.feature:44)
</pre></div><a href='#' onClick='toggleBox("stack-trace887149870", this, "Click to show all stack frames", "Click to hide stack frames")'>Click to show all stack frames</a>
<div class='stack-trace' id='stack-trace887149870'><pre>java.lang.ClassCastException: Cannot cast java.lang.String to java.lang.Integer
	at java.base/java.lang.Class.cast(Class.java:4139)
	at common.Utils.get(Utils.java:37)
	at requestBuilder.UserRequest.userPutPgmBatchRequestBody(UserRequest.java:160)
	at requestBuilder.UserRequest.updateUserByPgmBatch(UserRequest.java:552)
	at stepDefinitions.User_Step.the_admin_sends_https_get_request_for_assign_user_to_pgm_batch_invalid_scenarios_as_input_and_for_user(User_Step.java:330)
	at ✽.The Admin sends HTTPS Put request for assign user to pgm batch invalid scenarios as input &quot;user&quot; and &quot;TC_22_user&quot; for User(file:///C:/Users/ems11/Desktop/ElamathiProjects/Team04_RestfulRebels_APIPhase2/Team04_RestfulRebels/src/test/resources/features/04User.feature:44)
</pre></div></td>
<td>0</td>
<td>testRunner.TestRunner@581ac8a8</td></tr>
<tr>
<td title='testRunner.TestRunner.runScenario()'><b>runScenario</b><br>Test class: testRunner.TestRunner<br>Test method: Runs Cucumber Scenarios<br>Parameters: "Updating Class with different values from Test data", "Class Module Functionality"</td>
<td><div><pre>java.lang.AssertionError: The following asserts failed:
	Status code mismatch! expected [400] but found [200]
	at org.testng.asserts.SoftAssert.assertAll(SoftAssert.java:46)
	at org.testng.asserts.SoftAssert.assertAll(SoftAssert.java:30)
	at requestBuilder.CommonRequest.validateStatusCode(CommonRequest.java:70)
	at stepDefinitions.Class_Step.the_admin_get_invalidData_allrecordings_response_code_and_message_as_and_for_class(Class_Step.java:303)
	at ✽.The Admin get invalidData allrecordings response code and message as &quot;class&quot; and &quot;TC_11_classAllRecord_put&quot; for Class(file:///C:/Users/ems11/Desktop/ElamathiProjects/Team04_RestfulRebels_APIPhase2/Team04_RestfulRebels/src/test/resources/features/05Class.feature:28)
</pre></div><a href='#' onClick='toggleBox("stack-trace1966387876", this, "Click to show all stack frames", "Click to hide stack frames")'>Click to show all stack frames</a>
<div class='stack-trace' id='stack-trace1966387876'><pre>java.lang.AssertionError: The following asserts failed:
	Status code mismatch! expected [400] but found [200]
	at org.testng.asserts.SoftAssert.assertAll(SoftAssert.java:46)
	at org.testng.asserts.SoftAssert.assertAll(SoftAssert.java:30)
	at requestBuilder.CommonRequest.validateStatusCode(CommonRequest.java:70)
	at stepDefinitions.Class_Step.the_admin_get_invalidData_allrecordings_response_code_and_message_as_and_for_class(Class_Step.java:303)
	at ✽.The Admin get invalidData allrecordings response code and message as &quot;class&quot; and &quot;TC_11_classAllRecord_put&quot; for Class(file:///C:/Users/ems11/Desktop/ElamathiProjects/Team04_RestfulRebels_APIPhase2/Team04_RestfulRebels/src/test/resources/features/05Class.feature:28)
</pre></div></td>
<td>0</td>
<td>testRunner.TestRunner@581ac8a8</td></tr>
<tr>
<td title='testRunner.TestRunner.runScenario()'><b>runScenario</b><br>Test class: testRunner.TestRunner<br>Test method: Runs Cucumber Scenarios<br>Parameters: "Get functionality for different endpoints for class invalid scenarios", "Class Module Functionality"</td>
<td><div><pre>java.lang.IllegalArgumentException: parameterValue cannot be null
	at java.base/jdk.internal.reflect.DirectConstructorHandleAccessor.newInstance(DirectConstructorHandleAccessor.java:62)
	at java.base/java.lang.reflect.Constructor.newInstanceWithCaller(Constructor.java:501)
	at java.base/java.lang.reflect.Constructor.newInstance(Constructor.java:485)
	at org.codehaus.groovy.reflection.CachedConstructor.invoke(CachedConstructor.java:73)
	at org.codehaus.groovy.reflection.CachedConstructor.doConstructorInvoke(CachedConstructor.java:60)
	at org.codehaus.groovy.runtime.callsite.ConstructorSite$ConstructorSiteNoUnwrap.callConstructor(ConstructorSite.java:86)
	at org.codehaus.groovy.runtime.callsite.AbstractCallSite.callConstructor(AbstractCallSite.java:277)
	at io.restassured.internal.common.assertion.AssertParameter.notNull(AssertParameter.groovy:26)
	at io.restassured.internal.common.assertion.AssertParameter$notNull.callStatic(Unknown Source)
	at org.codehaus.groovy.runtime.callsite.CallSiteArray.defaultCallStatic(CallSiteArray.java:53)
	at io.restassured.internal.common.assertion.AssertParameter$notNull.callStatic(Unknown Source)
	at io.restassured.internal.RequestSpecificationImpl.pathParam(RequestSpecificationImpl.groovy:515)
	at requestBuilder.ClassRequest.classGetByIdAndTopic(ClassRequest.java:358)
	at stepDefinitions.Class_Step.the_admin_sends_https_get_request_for_scenarios_as_input_and_for_class_invalid(Class_Step.java:502)
	at ✽.The Admin sends HTTPS Get request for scenarios as input &quot;class&quot; and &quot;TC_22_class_get&quot; for Class invalid(file:///C:/Users/ems11/Desktop/ElamathiProjects/Team04_RestfulRebels_APIPhase2/Team04_RestfulRebels/src/test/resources/features/05Class.feature:67)
</pre></div><a href='#' onClick='toggleBox("stack-trace2011825851", this, "Click to show all stack frames", "Click to hide stack frames")'>Click to show all stack frames</a>
<div class='stack-trace' id='stack-trace2011825851'><pre>java.lang.IllegalArgumentException: parameterValue cannot be null
	at java.base/jdk.internal.reflect.DirectConstructorHandleAccessor.newInstance(DirectConstructorHandleAccessor.java:62)
	at java.base/java.lang.reflect.Constructor.newInstanceWithCaller(Constructor.java:501)
	at java.base/java.lang.reflect.Constructor.newInstance(Constructor.java:485)
	at org.codehaus.groovy.reflection.CachedConstructor.invoke(CachedConstructor.java:73)
	at org.codehaus.groovy.reflection.CachedConstructor.doConstructorInvoke(CachedConstructor.java:60)
	at org.codehaus.groovy.runtime.callsite.ConstructorSite$ConstructorSiteNoUnwrap.callConstructor(ConstructorSite.java:86)
	at org.codehaus.groovy.runtime.callsite.AbstractCallSite.callConstructor(AbstractCallSite.java:277)
	at io.restassured.internal.common.assertion.AssertParameter.notNull(AssertParameter.groovy:26)
	at io.restassured.internal.common.assertion.AssertParameter$notNull.callStatic(Unknown Source)
	at org.codehaus.groovy.runtime.callsite.CallSiteArray.defaultCallStatic(CallSiteArray.java:53)
	at io.restassured.internal.common.assertion.AssertParameter$notNull.callStatic(Unknown Source)
	at io.restassured.internal.RequestSpecificationImpl.pathParam(RequestSpecificationImpl.groovy:515)
	at requestBuilder.ClassRequest.classGetByIdAndTopic(ClassRequest.java:358)
	at stepDefinitions.Class_Step.the_admin_sends_https_get_request_for_scenarios_as_input_and_for_class_invalid(Class_Step.java:502)
	at ✽.The Admin sends HTTPS Get request for scenarios as input &quot;class&quot; and &quot;TC_22_class_get&quot; for Class invalid(file:///C:/Users/ems11/Desktop/ElamathiProjects/Team04_RestfulRebels_APIPhase2/Team04_RestfulRebels/src/test/resources/features/05Class.feature:67)
</pre></div></td>
<td>0</td>
<td>testRunner.TestRunner@581ac8a8</td></tr>
<tr>
<td title='testRunner.TestRunner.runScenario()'><b>runScenario</b><br>Test class: testRunner.TestRunner<br>Test method: Runs Cucumber Scenarios<br>Parameters: "Creating batch with different values from Test data", "Batch Module Functionality"</td>
<td><div><pre>java.lang.AssertionError: The following asserts failed:
	Status code mismatch! expected [400] but found [201]
	at org.testng.asserts.SoftAssert.assertAll(SoftAssert.java:46)
	at org.testng.asserts.SoftAssert.assertAll(SoftAssert.java:30)
	at requestBuilder.CommonRequest.validateStatusCode(CommonRequest.java:70)
	at stepDefinitions.Batch_Step.the_admin_get_batch_existingbatchname_response_code_and_message_as_and(Batch_Step.java:68)
	at ✽.The Admin get Batch  existingbatchname response code and message as &quot;batch&quot; and &quot;TC_02_batch&quot;(file:///C:/Users/ems11/Desktop/ElamathiProjects/Team04_RestfulRebels_APIPhase2/Team04_RestfulRebels/src/test/resources/features/03Batch.feature:11)
</pre></div><a href='#' onClick='toggleBox("stack-trace1847703288", this, "Click to show all stack frames", "Click to hide stack frames")'>Click to show all stack frames</a>
<div class='stack-trace' id='stack-trace1847703288'><pre>java.lang.AssertionError: The following asserts failed:
	Status code mismatch! expected [400] but found [201]
	at org.testng.asserts.SoftAssert.assertAll(SoftAssert.java:46)
	at org.testng.asserts.SoftAssert.assertAll(SoftAssert.java:30)
	at requestBuilder.CommonRequest.validateStatusCode(CommonRequest.java:70)
	at stepDefinitions.Batch_Step.the_admin_get_batch_existingbatchname_response_code_and_message_as_and(Batch_Step.java:68)
	at ✽.The Admin get Batch  existingbatchname response code and message as &quot;batch&quot; and &quot;TC_02_batch&quot;(file:///C:/Users/ems11/Desktop/ElamathiProjects/Team04_RestfulRebels_APIPhase2/Team04_RestfulRebels/src/test/resources/features/03Batch.feature:11)
</pre></div></td>
<td>0</td>
<td>testRunner.TestRunner@581ac8a8</td></tr>
<tr>
<td title='testRunner.TestRunner.runScenario()'><b>runScenario</b><br>Test class: testRunner.TestRunner<br>Test method: Runs Cucumber Scenarios<br>Parameters: "Delete Requests with different endpoints for Program", "User Module Functionality"</td>
<td><div><pre>java.lang.AssertionError: The following asserts failed:
	Status code mismatch! expected [200] but found [404]
	at org.testng.asserts.SoftAssert.assertAll(SoftAssert.java:46)
	at org.testng.asserts.SoftAssert.assertAll(SoftAssert.java:30)
	at requestBuilder.CommonRequest.validateStatusCode(CommonRequest.java:70)
	at stepDefinitions.Program_Step.the_admin_get_response_code_and_message_as_and_for_delete_program(Program_Step.java:631)
	at ✽.The Admin get response code and message as &quot;program&quot; and &quot;TC_03_delete_program&quot; for delete Program(file:///C:/Users/ems11/Desktop/ElamathiProjects/Team04_RestfulRebels_APIPhase2/Team04_RestfulRebels/src/test/resources/features/07Cleanup.feature:20)
</pre></div><a href='#' onClick='toggleBox("stack-trace389109992", this, "Click to show all stack frames", "Click to hide stack frames")'>Click to show all stack frames</a>
<div class='stack-trace' id='stack-trace389109992'><pre>java.lang.AssertionError: The following asserts failed:
	Status code mismatch! expected [200] but found [404]
	at org.testng.asserts.SoftAssert.assertAll(SoftAssert.java:46)
	at org.testng.asserts.SoftAssert.assertAll(SoftAssert.java:30)
	at requestBuilder.CommonRequest.validateStatusCode(CommonRequest.java:70)
	at stepDefinitions.Program_Step.the_admin_get_response_code_and_message_as_and_for_delete_program(Program_Step.java:631)
	at ✽.The Admin get response code and message as &quot;program&quot; and &quot;TC_03_delete_program&quot; for delete Program(file:///C:/Users/ems11/Desktop/ElamathiProjects/Team04_RestfulRebels_APIPhase2/Team04_RestfulRebels/src/test/resources/features/07Cleanup.feature:20)
</pre></div></td>
<td>0</td>
<td>testRunner.TestRunner@581ac8a8</td></tr>
<tr>
<td title='testRunner.TestRunner.runScenario()'><b>runScenario</b><br>Test class: testRunner.TestRunner<br>Test method: Runs Cucumber Scenarios<br>Parameters: "Put Requests with different endpoints for Program", "Program Module Functionality"</td>
<td><div><pre>java.lang.AssertionError: The following asserts failed:
	Status code mismatch! expected [200] but found [400]
	at org.testng.asserts.SoftAssert.assertAll(SoftAssert.java:46)
	at org.testng.asserts.SoftAssert.assertAll(SoftAssert.java:30)
	at requestBuilder.CommonRequest.validateStatusCode(CommonRequest.java:70)
	at stepDefinitions.Program_Step.the_admin_get_valid_update_program_byprogram_id_response_code_and_message_as_and_for_update_program(Program_Step.java:485)
	at ✽.The Admin get valid update program byprogramId response code and message as &quot;program&quot; and &quot;TC_01_put_program&quot; for update Program(file:///C:/Users/ems11/Desktop/ElamathiProjects/Team04_RestfulRebels_APIPhase2/Team04_RestfulRebels/src/test/resources/features/02Program.feature:28)
</pre></div><a href='#' onClick='toggleBox("stack-trace1485432471", this, "Click to show all stack frames", "Click to hide stack frames")'>Click to show all stack frames</a>
<div class='stack-trace' id='stack-trace1485432471'><pre>java.lang.AssertionError: The following asserts failed:
	Status code mismatch! expected [200] but found [400]
	at org.testng.asserts.SoftAssert.assertAll(SoftAssert.java:46)
	at org.testng.asserts.SoftAssert.assertAll(SoftAssert.java:30)
	at requestBuilder.CommonRequest.validateStatusCode(CommonRequest.java:70)
	at stepDefinitions.Program_Step.the_admin_get_valid_update_program_byprogram_id_response_code_and_message_as_and_for_update_program(Program_Step.java:485)
	at ✽.The Admin get valid update program byprogramId response code and message as &quot;program&quot; and &quot;TC_01_put_program&quot; for update Program(file:///C:/Users/ems11/Desktop/ElamathiProjects/Team04_RestfulRebels_APIPhase2/Team04_RestfulRebels/src/test/resources/features/02Program.feature:28)
</pre></div></td>
<td>0</td>
<td>testRunner.TestRunner@581ac8a8</td></tr>
<tr>
<td title='testRunner.TestRunner.runScenario()'><b>runScenario</b><br>Test class: testRunner.TestRunner<br>Test method: Runs Cucumber Scenarios<br>Parameters: "Creating User with different values from Test data", "User Module Functionality"</td>
<td><div><pre>java.lang.AssertionError: Mismatch in userComments expected [null] but found [nnhhh]
	at org.testng.Assert.fail(Assert.java:111)
	at org.testng.Assert.failNotEquals(Assert.java:1590)
	at org.testng.Assert.assertEqualsImpl(Assert.java:150)
	at org.testng.Assert.assertEquals(Assert.java:132)
	at org.testng.Assert.assertEquals(Assert.java:656)
	at requestBuilder.UserRequest.validateDataUserPost(UserRequest.java:658)
	at stepDefinitions.User_Step.the_admin_get_valid_data_response_code_and_message_as_and_for_user(User_Step.java:45)
	at ✽.The Admin get valid data response code and message as &quot;user&quot; and &quot;TC_01_user&quot; for User(file:///C:/Users/ems11/Desktop/ElamathiProjects/Team04_RestfulRebels_APIPhase2/Team04_RestfulRebels/src/test/resources/features/04User.feature:11)
</pre></div><a href='#' onClick='toggleBox("stack-trace1433951975", this, "Click to show all stack frames", "Click to hide stack frames")'>Click to show all stack frames</a>
<div class='stack-trace' id='stack-trace1433951975'><pre>java.lang.AssertionError: Mismatch in userComments expected [null] but found [nnhhh]
	at org.testng.Assert.fail(Assert.java:111)
	at org.testng.Assert.failNotEquals(Assert.java:1590)
	at org.testng.Assert.assertEqualsImpl(Assert.java:150)
	at org.testng.Assert.assertEquals(Assert.java:132)
	at org.testng.Assert.assertEquals(Assert.java:656)
	at requestBuilder.UserRequest.validateDataUserPost(UserRequest.java:658)
	at stepDefinitions.User_Step.the_admin_get_valid_data_response_code_and_message_as_and_for_user(User_Step.java:45)
	at ✽.The Admin get valid data response code and message as &quot;user&quot; and &quot;TC_01_user&quot; for User(file:///C:/Users/ems11/Desktop/ElamathiProjects/Team04_RestfulRebels_APIPhase2/Team04_RestfulRebels/src/test/resources/features/04User.feature:11)
</pre></div></td>
<td>0</td>
<td>testRunner.TestRunner@581ac8a8</td></tr>
<tr>
<td title='testRunner.TestRunner.runScenario()'><b>runScenario</b><br>Test class: testRunner.TestRunner<br>Test method: Runs Cucumber Scenarios<br>Parameters: "Get functionality for different endpoints for User", "User Module Functionality"</td>
<td><div><pre>java.lang.ClassCastException: Cannot cast java.lang.String to java.lang.Integer
	at java.base/java.lang.Class.cast(Class.java:4139)
	at common.Utils.get(Utils.java:37)
	at requestBuilder.UserRequest.userPutPgmBatchRequestBody(UserRequest.java:160)
	at requestBuilder.UserRequest.updateUserByPgmBatch(UserRequest.java:552)
	at stepDefinitions.User_Step.the_admin_sends_https_get_request_for_assign_user_to_pgm_batch_valid_scenarios_as_input_and_for_user(User_Step.java:316)
	at ✽.The Admin sends HTTPS Put request for assign user to pgm batch valid scenarios as input &quot;user&quot; and &quot;TC_21_user&quot; for User(file:///C:/Users/ems11/Desktop/ElamathiProjects/Team04_RestfulRebels_APIPhase2/Team04_RestfulRebels/src/test/resources/features/04User.feature:44)
</pre></div><a href='#' onClick='toggleBox("stack-trace620532131", this, "Click to show all stack frames", "Click to hide stack frames")'>Click to show all stack frames</a>
<div class='stack-trace' id='stack-trace620532131'><pre>java.lang.ClassCastException: Cannot cast java.lang.String to java.lang.Integer
	at java.base/java.lang.Class.cast(Class.java:4139)
	at common.Utils.get(Utils.java:37)
	at requestBuilder.UserRequest.userPutPgmBatchRequestBody(UserRequest.java:160)
	at requestBuilder.UserRequest.updateUserByPgmBatch(UserRequest.java:552)
	at stepDefinitions.User_Step.the_admin_sends_https_get_request_for_assign_user_to_pgm_batch_valid_scenarios_as_input_and_for_user(User_Step.java:316)
	at ✽.The Admin sends HTTPS Put request for assign user to pgm batch valid scenarios as input &quot;user&quot; and &quot;TC_21_user&quot; for User(file:///C:/Users/ems11/Desktop/ElamathiProjects/Team04_RestfulRebels_APIPhase2/Team04_RestfulRebels/src/test/resources/features/04User.feature:44)
</pre></div></td>
<td>0</td>
<td>testRunner.TestRunner@581ac8a8</td></tr>
<tr>
<td title='testRunner.TestRunner.runScenario()'><b>runScenario</b><br>Test class: testRunner.TestRunner<br>Test method: Runs Cucumber Scenarios<br>Parameters: "Get functionality for different endpoints for User", "User Module Functionality"</td>
<td><div><pre>java.lang.AssertionError: The following asserts failed:
	Status code mismatch! expected [200] but found [400]
	at org.testng.asserts.SoftAssert.assertAll(SoftAssert.java:46)
	at org.testng.asserts.SoftAssert.assertAll(SoftAssert.java:30)
	at requestBuilder.CommonRequest.validateStatusCode(CommonRequest.java:70)
	at stepDefinitions.User_Step.the_admin_get_update_user_login_status_valid_response_code_and_message_as_and_for_user(User_Step.java:394)
	at ✽.The Admin get update user login valid response code and message as &quot;user&quot; and &quot;TC_24_user&quot; for User(file:///C:/Users/ems11/Desktop/ElamathiProjects/Team04_RestfulRebels_APIPhase2/Team04_RestfulRebels/src/test/resources/features/04User.feature:45)
</pre></div><a href='#' onClick='toggleBox("stack-trace978180845", this, "Click to show all stack frames", "Click to hide stack frames")'>Click to show all stack frames</a>
<div class='stack-trace' id='stack-trace978180845'><pre>java.lang.AssertionError: The following asserts failed:
	Status code mismatch! expected [200] but found [400]
	at org.testng.asserts.SoftAssert.assertAll(SoftAssert.java:46)
	at org.testng.asserts.SoftAssert.assertAll(SoftAssert.java:30)
	at requestBuilder.CommonRequest.validateStatusCode(CommonRequest.java:70)
	at stepDefinitions.User_Step.the_admin_get_update_user_login_status_valid_response_code_and_message_as_and_for_user(User_Step.java:394)
	at ✽.The Admin get update user login valid response code and message as &quot;user&quot; and &quot;TC_24_user&quot; for User(file:///C:/Users/ems11/Desktop/ElamathiProjects/Team04_RestfulRebels_APIPhase2/Team04_RestfulRebels/src/test/resources/features/04User.feature:45)
</pre></div></td>
<td>0</td>
<td>testRunner.TestRunner@581ac8a8</td></tr>
<tr>
<td title='testRunner.TestRunner.runScenario()'><b>runScenario</b><br>Test class: testRunner.TestRunner<br>Test method: Runs Cucumber Scenarios<br>Parameters: "Get batches by ProgramID", "Batch Module Functionality"</td>
<td><div><pre>java.lang.AssertionError: The following asserts failed:
	Status code mismatch! expected [404] but found [200]
	at org.testng.asserts.SoftAssert.assertAll(SoftAssert.java:46)
	at org.testng.asserts.SoftAssert.assertAll(SoftAssert.java:30)
	at requestBuilder.CommonRequest.validateStatusCode(CommonRequest.java:70)
	at stepDefinitions.Batch_Step.the_admin_get_batchby_program_id_retrievethebatchidbyinactiveprogramid_response_code_and_message_as_and(Batch_Step.java:356)
	at ✽.The Admin get BatchbyProgramId  retrievethebatchidbyinactiveprogramid response code and message as &quot;batch&quot; and &quot;TC_20_batch&quot;(file:///C:/Users/ems11/Desktop/ElamathiProjects/Team04_RestfulRebels_APIPhase2/Team04_RestfulRebels/src/test/resources/features/03Batch.feature:65)
</pre></div><a href='#' onClick='toggleBox("stack-trace964325592", this, "Click to show all stack frames", "Click to hide stack frames")'>Click to show all stack frames</a>
<div class='stack-trace' id='stack-trace964325592'><pre>java.lang.AssertionError: The following asserts failed:
	Status code mismatch! expected [404] but found [200]
	at org.testng.asserts.SoftAssert.assertAll(SoftAssert.java:46)
	at org.testng.asserts.SoftAssert.assertAll(SoftAssert.java:30)
	at requestBuilder.CommonRequest.validateStatusCode(CommonRequest.java:70)
	at stepDefinitions.Batch_Step.the_admin_get_batchby_program_id_retrievethebatchidbyinactiveprogramid_response_code_and_message_as_and(Batch_Step.java:356)
	at ✽.The Admin get BatchbyProgramId  retrievethebatchidbyinactiveprogramid response code and message as &quot;batch&quot; and &quot;TC_20_batch&quot;(file:///C:/Users/ems11/Desktop/ElamathiProjects/Team04_RestfulRebels_APIPhase2/Team04_RestfulRebels/src/test/resources/features/03Batch.feature:65)
</pre></div></td>
<td>0</td>
<td>testRunner.TestRunner@581ac8a8</td></tr>
<tr>
<td title='testRunner.TestRunner.runScenario()'><b>runScenario</b><br>Test class: testRunner.TestRunner<br>Test method: Runs Cucumber Scenarios<br>Parameters: "Creating User with different values from Test data", "User Module Functionality"</td>
<td><div><pre>java.lang.AssertionError: The following asserts failed:
	Status code mismatch! expected [201] but found [400]
	at org.testng.asserts.SoftAssert.assertAll(SoftAssert.java:46)
	at org.testng.asserts.SoftAssert.assertAll(SoftAssert.java:30)
	at requestBuilder.CommonRequest.validateStatusCode(CommonRequest.java:70)
	at stepDefinitions.User_Step.the_admin_get_mandatory_fields_response_code_and_message_as_and_for_user(User_Step.java:57)
	at ✽.The Admin get mandatory fields response code and message as &quot;user&quot; and &quot;TC_02_user&quot; for User(file:///C:/Users/ems11/Desktop/ElamathiProjects/Team04_RestfulRebels_APIPhase2/Team04_RestfulRebels/src/test/resources/features/04User.feature:11)
</pre></div><a href='#' onClick='toggleBox("stack-trace1032688239", this, "Click to show all stack frames", "Click to hide stack frames")'>Click to show all stack frames</a>
<div class='stack-trace' id='stack-trace1032688239'><pre>java.lang.AssertionError: The following asserts failed:
	Status code mismatch! expected [201] but found [400]
	at org.testng.asserts.SoftAssert.assertAll(SoftAssert.java:46)
	at org.testng.asserts.SoftAssert.assertAll(SoftAssert.java:30)
	at requestBuilder.CommonRequest.validateStatusCode(CommonRequest.java:70)
	at stepDefinitions.User_Step.the_admin_get_mandatory_fields_response_code_and_message_as_and_for_user(User_Step.java:57)
	at ✽.The Admin get mandatory fields response code and message as &quot;user&quot; and &quot;TC_02_user&quot; for User(file:///C:/Users/ems11/Desktop/ElamathiProjects/Team04_RestfulRebels_APIPhase2/Team04_RestfulRebels/src/test/resources/features/04User.feature:11)
</pre></div></td>
<td>0</td>
<td>testRunner.TestRunner@581ac8a8</td></tr>
<tr>
<td title='testRunner.TestRunner.runScenario()'><b>runScenario</b><br>Test class: testRunner.TestRunner<br>Test method: Runs Cucumber Scenarios<br>Parameters: "Validating different Crud Operations with no auth", "Scenarios with No auth and Invalid Url"</td>
<td><div><pre>java.lang.IllegalArgumentException: parameterValue cannot be null
	at java.base/jdk.internal.reflect.DirectConstructorHandleAccessor.newInstance(DirectConstructorHandleAccessor.java:62)
	at java.base/java.lang.reflect.Constructor.newInstanceWithCaller(Constructor.java:501)
	at java.base/java.lang.reflect.Constructor.newInstance(Constructor.java:485)
	at org.codehaus.groovy.reflection.CachedConstructor.invoke(CachedConstructor.java:73)
	at org.codehaus.groovy.reflection.CachedConstructor.doConstructorInvoke(CachedConstructor.java:60)
	at org.codehaus.groovy.runtime.callsite.ConstructorSite$ConstructorSiteNoUnwrap.callConstructor(ConstructorSite.java:86)
	at org.codehaus.groovy.runtime.callsite.AbstractCallSite.callConstructor(AbstractCallSite.java:277)
	at io.restassured.internal.common.assertion.AssertParameter.notNull(AssertParameter.groovy:26)
	at io.restassured.internal.common.assertion.AssertParameter$notNull.callStatic(Unknown Source)
	at org.codehaus.groovy.runtime.callsite.CallSiteArray.defaultCallStatic(CallSiteArray.java:53)
	at io.restassured.internal.common.assertion.AssertParameter$notNull.callStatic(Unknown Source)
	at io.restassured.internal.RequestSpecificationImpl.pathParam(RequestSpecificationImpl.groovy:515)
	at requestBuilder.ClassRequest.classGetByIdAndTopic(ClassRequest.java:364)
	at stepDefinitions.Class_Step.the_admin_sends_class_get_allclasses_bystaffid_request_with_no_auth_as_input_and_for_class(Class_Step.java:612)
	at ✽.The Admin sends class_get_allclasses_bystaffid request with no auth as input &quot;class&quot; and &quot;TC_06_class_noAuth&quot; for class(file:///C:/Users/ems11/Desktop/ElamathiProjects/Team04_RestfulRebels_APIPhase2/Team04_RestfulRebels/src/test/resources/features/06NoauthandInvalidURL.feature:19)
</pre></div><a href='#' onClick='toggleBox("stack-trace452181851", this, "Click to show all stack frames", "Click to hide stack frames")'>Click to show all stack frames</a>
<div class='stack-trace' id='stack-trace452181851'><pre>java.lang.IllegalArgumentException: parameterValue cannot be null
	at java.base/jdk.internal.reflect.DirectConstructorHandleAccessor.newInstance(DirectConstructorHandleAccessor.java:62)
	at java.base/java.lang.reflect.Constructor.newInstanceWithCaller(Constructor.java:501)
	at java.base/java.lang.reflect.Constructor.newInstance(Constructor.java:485)
	at org.codehaus.groovy.reflection.CachedConstructor.invoke(CachedConstructor.java:73)
	at org.codehaus.groovy.reflection.CachedConstructor.doConstructorInvoke(CachedConstructor.java:60)
	at org.codehaus.groovy.runtime.callsite.ConstructorSite$ConstructorSiteNoUnwrap.callConstructor(ConstructorSite.java:86)
	at org.codehaus.groovy.runtime.callsite.AbstractCallSite.callConstructor(AbstractCallSite.java:277)
	at io.restassured.internal.common.assertion.AssertParameter.notNull(AssertParameter.groovy:26)
	at io.restassured.internal.common.assertion.AssertParameter$notNull.callStatic(Unknown Source)
	at org.codehaus.groovy.runtime.callsite.CallSiteArray.defaultCallStatic(CallSiteArray.java:53)
	at io.restassured.internal.common.assertion.AssertParameter$notNull.callStatic(Unknown Source)
	at io.restassured.internal.RequestSpecificationImpl.pathParam(RequestSpecificationImpl.groovy:515)
	at requestBuilder.ClassRequest.classGetByIdAndTopic(ClassRequest.java:364)
	at stepDefinitions.Class_Step.the_admin_sends_class_get_allclasses_bystaffid_request_with_no_auth_as_input_and_for_class(Class_Step.java:612)
	at ✽.The Admin sends class_get_allclasses_bystaffid request with no auth as input &quot;class&quot; and &quot;TC_06_class_noAuth&quot; for class(file:///C:/Users/ems11/Desktop/ElamathiProjects/Team04_RestfulRebels_APIPhase2/Team04_RestfulRebels/src/test/resources/features/06NoauthandInvalidURL.feature:19)
</pre></div></td>
<td>0</td>
<td>testRunner.TestRunner@581ac8a8</td></tr>
<tr>
<td title='testRunner.TestRunner.runScenario()'><b>runScenario</b><br>Test class: testRunner.TestRunner<br>Test method: Runs Cucumber Scenarios<br>Parameters: "Creating user with different values from Test data", "Program Module Functionality"</td>
<td><div><pre>java.lang.AssertionError: The following asserts failed:
	Status code mismatch! expected [201] but found [400]
	at org.testng.asserts.SoftAssert.assertAll(SoftAssert.java:46)
	at org.testng.asserts.SoftAssert.assertAll(SoftAssert.java:30)
	at requestBuilder.CommonRequest.validateStatusCode(CommonRequest.java:70)
	at stepDefinitions.Program_Step.the_admin_get_missing_additional_field_response_code_and_message_as_and_for_program(Program_Step.java:167)
	at ✽.The Admin get missingAdditionalField response code and message as &quot;program&quot; and &quot;TC_07_post_program&quot; for Program(file:///C:/Users/ems11/Desktop/ElamathiProjects/Team04_RestfulRebels_APIPhase2/Team04_RestfulRebels/src/test/resources/features/02Program.feature:11)
</pre></div><a href='#' onClick='toggleBox("stack-trace235521954", this, "Click to show all stack frames", "Click to hide stack frames")'>Click to show all stack frames</a>
<div class='stack-trace' id='stack-trace235521954'><pre>java.lang.AssertionError: The following asserts failed:
	Status code mismatch! expected [201] but found [400]
	at org.testng.asserts.SoftAssert.assertAll(SoftAssert.java:46)
	at org.testng.asserts.SoftAssert.assertAll(SoftAssert.java:30)
	at requestBuilder.CommonRequest.validateStatusCode(CommonRequest.java:70)
	at stepDefinitions.Program_Step.the_admin_get_missing_additional_field_response_code_and_message_as_and_for_program(Program_Step.java:167)
	at ✽.The Admin get missingAdditionalField response code and message as &quot;program&quot; and &quot;TC_07_post_program&quot; for Program(file:///C:/Users/ems11/Desktop/ElamathiProjects/Team04_RestfulRebels_APIPhase2/Team04_RestfulRebels/src/test/resources/features/02Program.feature:11)
</pre></div></td>
<td>0</td>
<td>testRunner.TestRunner@581ac8a8</td></tr>
<tr>
<td title='testRunner.TestRunner.runScenario()'><b>runScenario</b><br>Test class: testRunner.TestRunner<br>Test method: Runs Cucumber Scenarios<br>Parameters: "Put Requests with different endpoints for Program", "Program Module Functionality"</td>
<td><div><pre>java.lang.AssertionError: The following asserts failed:
	Status code mismatch! expected [400] but found [401]
	at org.testng.asserts.SoftAssert.assertAll(SoftAssert.java:46)
	at org.testng.asserts.SoftAssert.assertAll(SoftAssert.java:30)
	at requestBuilder.CommonRequest.validateStatusCode(CommonRequest.java:70)
	at stepDefinitions.Program_Step.the_admin_get_update_by_without_payload_response_code_and_message_as_and_for_update_program(Program_Step.java:540)
	at ✽.The Admin get update by without payload response code and message as &quot;program&quot; and &quot;TC_04_put_program&quot; for update Program(file:///C:/Users/ems11/Desktop/ElamathiProjects/Team04_RestfulRebels_APIPhase2/Team04_RestfulRebels/src/test/resources/features/02Program.feature:28)
</pre></div><a href='#' onClick='toggleBox("stack-trace1335046207", this, "Click to show all stack frames", "Click to hide stack frames")'>Click to show all stack frames</a>
<div class='stack-trace' id='stack-trace1335046207'><pre>java.lang.AssertionError: The following asserts failed:
	Status code mismatch! expected [400] but found [401]
	at org.testng.asserts.SoftAssert.assertAll(SoftAssert.java:46)
	at org.testng.asserts.SoftAssert.assertAll(SoftAssert.java:30)
	at requestBuilder.CommonRequest.validateStatusCode(CommonRequest.java:70)
	at stepDefinitions.Program_Step.the_admin_get_update_by_without_payload_response_code_and_message_as_and_for_update_program(Program_Step.java:540)
	at ✽.The Admin get update by without payload response code and message as &quot;program&quot; and &quot;TC_04_put_program&quot; for update Program(file:///C:/Users/ems11/Desktop/ElamathiProjects/Team04_RestfulRebels_APIPhase2/Team04_RestfulRebels/src/test/resources/features/02Program.feature:28)
</pre></div></td>
<td>0</td>
<td>testRunner.TestRunner@581ac8a8</td></tr>
<tr>
<td title='testRunner.TestRunner.runScenario()'><b>runScenario</b><br>Test class: testRunner.TestRunner<br>Test method: Runs Cucumber Scenarios<br>Parameters: "Updating Class with different values from Test data", "Class Module Functionality"</td>
<td><div><pre>java.lang.AssertionError: The following asserts failed:
	Status code mismatch! expected [400] but found [401]
	at org.testng.asserts.SoftAssert.assertAll(SoftAssert.java:46)
	at org.testng.asserts.SoftAssert.assertAll(SoftAssert.java:30)
	at requestBuilder.CommonRequest.validateStatusCode(CommonRequest.java:70)
	at stepDefinitions.Class_Step.the_admin_get_additional_fields_response_code_and_message_as_and_for_class(Class_Step.java:87)
	at ✽.The Admin get additional fields response code and message as &quot;class&quot; and &quot;TC_03_class_put&quot; for Class(file:///C:/Users/ems11/Desktop/ElamathiProjects/Team04_RestfulRebels_APIPhase2/Team04_RestfulRebels/src/test/resources/features/05Class.feature:28)
</pre></div><a href='#' onClick='toggleBox("stack-trace806890100", this, "Click to show all stack frames", "Click to hide stack frames")'>Click to show all stack frames</a>
<div class='stack-trace' id='stack-trace806890100'><pre>java.lang.AssertionError: The following asserts failed:
	Status code mismatch! expected [400] but found [401]
	at org.testng.asserts.SoftAssert.assertAll(SoftAssert.java:46)
	at org.testng.asserts.SoftAssert.assertAll(SoftAssert.java:30)
	at requestBuilder.CommonRequest.validateStatusCode(CommonRequest.java:70)
	at stepDefinitions.Class_Step.the_admin_get_additional_fields_response_code_and_message_as_and_for_class(Class_Step.java:87)
	at ✽.The Admin get additional fields response code and message as &quot;class&quot; and &quot;TC_03_class_put&quot; for Class(file:///C:/Users/ems11/Desktop/ElamathiProjects/Team04_RestfulRebels_APIPhase2/Team04_RestfulRebels/src/test/resources/features/05Class.feature:28)
</pre></div></td>
<td>0</td>
<td>testRunner.TestRunner@581ac8a8</td></tr>
<tr>
<td title='testRunner.TestRunner.runScenario()'><b>runScenario</b><br>Test class: testRunner.TestRunner<br>Test method: Runs Cucumber Scenarios<br>Parameters: "Put Requests with different endpoints for Program", "Program Module Functionality"</td>
<td><div><pre>java.lang.AssertionError: The following asserts failed:
	Status code mismatch! expected [400] but found [401]
	at org.testng.asserts.SoftAssert.assertAll(SoftAssert.java:46)
	at org.testng.asserts.SoftAssert.assertAll(SoftAssert.java:30)
	at requestBuilder.CommonRequest.validateStatusCode(CommonRequest.java:70)
	at stepDefinitions.Program_Step.the_admin_get_update_by_invalid_postbody_response_code_and_message_as_and_for_update_program(Program_Step.java:523)
	at ✽.The Admin get update by invalid Postbody response code and message as &quot;program&quot; and &quot;TC_03_put_program&quot; for update Program(file:///C:/Users/ems11/Desktop/ElamathiProjects/Team04_RestfulRebels_APIPhase2/Team04_RestfulRebels/src/test/resources/features/02Program.feature:28)
</pre></div><a href='#' onClick='toggleBox("stack-trace1432547991", this, "Click to show all stack frames", "Click to hide stack frames")'>Click to show all stack frames</a>
<div class='stack-trace' id='stack-trace1432547991'><pre>java.lang.AssertionError: The following asserts failed:
	Status code mismatch! expected [400] but found [401]
	at org.testng.asserts.SoftAssert.assertAll(SoftAssert.java:46)
	at org.testng.asserts.SoftAssert.assertAll(SoftAssert.java:30)
	at requestBuilder.CommonRequest.validateStatusCode(CommonRequest.java:70)
	at stepDefinitions.Program_Step.the_admin_get_update_by_invalid_postbody_response_code_and_message_as_and_for_update_program(Program_Step.java:523)
	at ✽.The Admin get update by invalid Postbody response code and message as &quot;program&quot; and &quot;TC_03_put_program&quot; for update Program(file:///C:/Users/ems11/Desktop/ElamathiProjects/Team04_RestfulRebels_APIPhase2/Team04_RestfulRebels/src/test/resources/features/02Program.feature:28)
</pre></div></td>
<td>0</td>
<td>testRunner.TestRunner@581ac8a8</td></tr>
<tr>
<td title='testRunner.TestRunner.runScenario()'><b>runScenario</b><br>Test class: testRunner.TestRunner<br>Test method: Runs Cucumber Scenarios<br>Parameters: "Validating different Crud Operations with no auth", "Scenarios with No auth and Invalid Url"</td>
<td><div><pre>java.lang.AssertionError: The following asserts failed:
	Status code mismatch! expected [401] but found [404]
	at org.testng.asserts.SoftAssert.assertAll(SoftAssert.java:46)
	at org.testng.asserts.SoftAssert.assertAll(SoftAssert.java:30)
	at requestBuilder.CommonRequest.validateStatusCode(CommonRequest.java:70)
	at stepDefinitions.Program_Step.the_admin_gets_response_code_and_message_as_and_for_program(Program_Step.java:686)
	at ✽.The Admin gets response code and message as &quot;program&quot; and &quot;TC_07_program_noAuth&quot; for program(file:///C:/Users/ems11/Desktop/ElamathiProjects/Team04_RestfulRebels_APIPhase2/Team04_RestfulRebels/src/test/resources/features/06NoauthandInvalidURL.feature:69)
</pre></div><a href='#' onClick='toggleBox("stack-trace188859704", this, "Click to show all stack frames", "Click to hide stack frames")'>Click to show all stack frames</a>
<div class='stack-trace' id='stack-trace188859704'><pre>java.lang.AssertionError: The following asserts failed:
	Status code mismatch! expected [401] but found [404]
	at org.testng.asserts.SoftAssert.assertAll(SoftAssert.java:46)
	at org.testng.asserts.SoftAssert.assertAll(SoftAssert.java:30)
	at requestBuilder.CommonRequest.validateStatusCode(CommonRequest.java:70)
	at stepDefinitions.Program_Step.the_admin_gets_response_code_and_message_as_and_for_program(Program_Step.java:686)
	at ✽.The Admin gets response code and message as &quot;program&quot; and &quot;TC_07_program_noAuth&quot; for program(file:///C:/Users/ems11/Desktop/ElamathiProjects/Team04_RestfulRebels_APIPhase2/Team04_RestfulRebels/src/test/resources/features/06NoauthandInvalidURL.feature:69)
</pre></div></td>
<td>0</td>
<td>testRunner.TestRunner@581ac8a8</td></tr>
<tr>
<td title='testRunner.TestRunner.runScenario()'><b>runScenario</b><br>Test class: testRunner.TestRunner<br>Test method: Runs Cucumber Scenarios<br>Parameters: "Delete functionality for different values for class", "User Module Functionality"</td>
<td><div><pre>java.lang.NullPointerException: Cannot invoke &quot;java.lang.CharSequence.toString()&quot; because &quot;replacement&quot; is null
	at java.base/java.lang.String.replace(String.java:3177)
	at requestBuilder.UserRequest.deleteUser(UserRequest.java:646)
	at stepDefinitions.User_Step.the_admin_sends_https_delete_request_for_invalid_user_id_scenarios_as_input_and_for_class(User_Step.java:374)
	at ✽.The Admin sends HTTPS Delete request for invalid userID scenarios as input &quot;user&quot; and &quot;TC_02_user_del&quot; for Class(file:///C:/Users/ems11/Desktop/ElamathiProjects/Team04_RestfulRebels_APIPhase2/Team04_RestfulRebels/src/test/resources/features/07Cleanup.feature:36)
</pre></div><a href='#' onClick='toggleBox("stack-trace692827632", this, "Click to show all stack frames", "Click to hide stack frames")'>Click to show all stack frames</a>
<div class='stack-trace' id='stack-trace692827632'><pre>java.lang.NullPointerException: Cannot invoke &quot;java.lang.CharSequence.toString()&quot; because &quot;replacement&quot; is null
	at java.base/java.lang.String.replace(String.java:3177)
	at requestBuilder.UserRequest.deleteUser(UserRequest.java:646)
	at stepDefinitions.User_Step.the_admin_sends_https_delete_request_for_invalid_user_id_scenarios_as_input_and_for_class(User_Step.java:374)
	at ✽.The Admin sends HTTPS Delete request for invalid userID scenarios as input &quot;user&quot; and &quot;TC_02_user_del&quot; for Class(file:///C:/Users/ems11/Desktop/ElamathiProjects/Team04_RestfulRebels_APIPhase2/Team04_RestfulRebels/src/test/resources/features/07Cleanup.feature:36)
</pre></div></td>
<td>0</td>
<td>testRunner.TestRunner@581ac8a8</td></tr>
<tr>
<td title='testRunner.TestRunner.runScenario()'><b>runScenario</b><br>Test class: testRunner.TestRunner<br>Test method: Runs Cucumber Scenarios<br>Parameters: "Creating Class with different values from Test data", "Class Module Functionality"</td>
<td><div><pre>java.lang.AssertionError: The following asserts failed:
	Status code mismatch! expected [400] but found [201]
	at org.testng.asserts.SoftAssert.assertAll(SoftAssert.java:46)
	at org.testng.asserts.SoftAssert.assertAll(SoftAssert.java:30)
	at requestBuilder.CommonRequest.validateStatusCode(CommonRequest.java:70)
	at stepDefinitions.Class_Step.the_admin_get_existing_class_topic_response_code_and_message_as_and_for_class(Class_Step.java:124)
	at ✽.The Admin get existing class topic response code and message as &quot;class&quot; and &quot;TC_05_class_post&quot; for Class(file:///C:/Users/ems11/Desktop/ElamathiProjects/Team04_RestfulRebels_APIPhase2/Team04_RestfulRebels/src/test/resources/features/05Class.feature:11)
</pre></div><a href='#' onClick='toggleBox("stack-trace1780175271", this, "Click to show all stack frames", "Click to hide stack frames")'>Click to show all stack frames</a>
<div class='stack-trace' id='stack-trace1780175271'><pre>java.lang.AssertionError: The following asserts failed:
	Status code mismatch! expected [400] but found [201]
	at org.testng.asserts.SoftAssert.assertAll(SoftAssert.java:46)
	at org.testng.asserts.SoftAssert.assertAll(SoftAssert.java:30)
	at requestBuilder.CommonRequest.validateStatusCode(CommonRequest.java:70)
	at stepDefinitions.Class_Step.the_admin_get_existing_class_topic_response_code_and_message_as_and_for_class(Class_Step.java:124)
	at ✽.The Admin get existing class topic response code and message as &quot;class&quot; and &quot;TC_05_class_post&quot; for Class(file:///C:/Users/ems11/Desktop/ElamathiProjects/Team04_RestfulRebels_APIPhase2/Team04_RestfulRebels/src/test/resources/features/05Class.feature:11)
</pre></div></td>
<td>0</td>
<td>testRunner.TestRunner@581ac8a8</td></tr>
<tr>
<td title='testRunner.TestRunner.runScenario()'><b>runScenario</b><br>Test class: testRunner.TestRunner<br>Test method: Runs Cucumber Scenarios<br>Parameters: "Get functionality for different endpoints for User", "User Module Functionality"</td>
<td><div><pre>java.lang.ClassCastException: Cannot cast java.lang.String to java.lang.Integer
	at java.base/java.lang.Class.cast(Class.java:4139)
	at common.Utils.get(Utils.java:37)
	at requestBuilder.UserRequest.userPutPgmBatchRequestBody(UserRequest.java:160)
	at requestBuilder.UserRequest.updateUserByPgmBatch(UserRequest.java:552)
	at stepDefinitions.User_Step.the_admin_sends_https_put_request_for_assign_user_to_pgm_batch_missing_required_field_scenarios_as_input_and_for_user(User_Step.java:343)
	at ✽.The Admin sends HTTPS Put request for assign user to pgm batch missing required field scenarios as input &quot;user&quot; and &quot;TC_23_user&quot; for User(file:///C:/Users/ems11/Desktop/ElamathiProjects/Team04_RestfulRebels_APIPhase2/Team04_RestfulRebels/src/test/resources/features/04User.feature:44)
</pre></div><a href='#' onClick='toggleBox("stack-trace560980305", this, "Click to show all stack frames", "Click to hide stack frames")'>Click to show all stack frames</a>
<div class='stack-trace' id='stack-trace560980305'><pre>java.lang.ClassCastException: Cannot cast java.lang.String to java.lang.Integer
	at java.base/java.lang.Class.cast(Class.java:4139)
	at common.Utils.get(Utils.java:37)
	at requestBuilder.UserRequest.userPutPgmBatchRequestBody(UserRequest.java:160)
	at requestBuilder.UserRequest.updateUserByPgmBatch(UserRequest.java:552)
	at stepDefinitions.User_Step.the_admin_sends_https_put_request_for_assign_user_to_pgm_batch_missing_required_field_scenarios_as_input_and_for_user(User_Step.java:343)
	at ✽.The Admin sends HTTPS Put request for assign user to pgm batch missing required field scenarios as input &quot;user&quot; and &quot;TC_23_user&quot; for User(file:///C:/Users/ems11/Desktop/ElamathiProjects/Team04_RestfulRebels_APIPhase2/Team04_RestfulRebels/src/test/resources/features/04User.feature:44)
</pre></div></td>
<td>0</td>
<td>testRunner.TestRunner@581ac8a8</td></tr>
</table><p>
<table width='100%' border='1' class='invocation-passed'>
<tr><td colspan='4' align='center'><b>PASSED TESTS</b></td></tr>
<tr><td><b>Test method</b></td>
<td><b>Attribute(s)</b></td>
<td width="30%"><b>Exception</b></td>
<td width="10%"><b>Time (seconds)</b></td>
<td><b>Instance</b></td>
</tr>
<tr>
<td title='testRunner.TestRunner.runScenario()'><b>runScenario</b><br>Test class: testRunner.TestRunner<br>Test method: Runs Cucumber Scenarios<br>Parameters: "Put Requests with different endpoints for Program", "Program Module Functionality"</td>
<td></td>
<td>0</td>
<td>testRunner.TestRunner@581ac8a8</td></tr>
<tr>
<td title='testRunner.TestRunner.runScenario()'><b>runScenario</b><br>Test class: testRunner.TestRunner<br>Test method: Runs Cucumber Scenarios<br>Parameters: "Get batches by ProgramID", "Batch Module Functionality"</td>
<td></td>
<td>0</td>
<td>testRunner.TestRunner@581ac8a8</td></tr>
<tr>
<td title='testRunner.TestRunner.runScenario()'><b>runScenario</b><br>Test class: testRunner.TestRunner<br>Test method: Runs Cucumber Scenarios<br>Parameters: "Put Requests with different endpoints for Program", "Program Module Functionality"</td>
<td></td>
<td>0</td>
<td>testRunner.TestRunner@581ac8a8</td></tr>
<tr>
<td title='testRunner.TestRunner.runScenario()'><b>runScenario</b><br>Test class: testRunner.TestRunner<br>Test method: Runs Cucumber Scenarios<br>Parameters: "Get all batches from the database", "Batch Module Functionality"</td>
<td></td>
<td>6</td>
<td>testRunner.TestRunner@581ac8a8</td></tr>
<tr>
<td title='testRunner.TestRunner.runScenario()'><b>runScenario</b><br>Test class: testRunner.TestRunner<br>Test method: Runs Cucumber Scenarios<br>Parameters: "Update the batchby Batchid", "Batch Module Functionality"</td>
<td></td>
<td>0</td>
<td>testRunner.TestRunner@581ac8a8</td></tr>
<tr>
<td title='testRunner.TestRunner.runScenario()'><b>runScenario</b><br>Test class: testRunner.TestRunner<br>Test method: Runs Cucumber Scenarios<br>Parameters: "Get Requests with different endpoints for Program invalid", "Program Module Functionality"</td>
<td></td>
<td>0</td>
<td>testRunner.TestRunner@581ac8a8</td></tr>
<tr>
<td title='testRunner.TestRunner.runScenario()'><b>runScenario</b><br>Test class: testRunner.TestRunner<br>Test method: Runs Cucumber Scenarios<br>Parameters: "Validating different Crud Operations with no auth", "Scenarios with No auth and Invalid Url"</td>
<td></td>
<td>0</td>
<td>testRunner.TestRunner@581ac8a8</td></tr>
<tr>
<td title='testRunner.TestRunner.runScenario()'><b>runScenario</b><br>Test class: testRunner.TestRunner<br>Test method: Runs Cucumber Scenarios<br>Parameters: "Get functionality for different endpoints for User", "User Module Functionality"</td>
<td></td>
<td>1</td>
<td>testRunner.TestRunner@581ac8a8</td></tr>
<tr>
<td title='testRunner.TestRunner.runScenario()'><b>runScenario</b><br>Test class: testRunner.TestRunner<br>Test method: Runs Cucumber Scenarios<br>Parameters: "Put Requests with different endpoints for Program", "Program Module Functionality"</td>
<td></td>
<td>0</td>
<td>testRunner.TestRunner@581ac8a8</td></tr>
<tr>
<td title='testRunner.TestRunner.runScenario()'><b>runScenario</b><br>Test class: testRunner.TestRunner<br>Test method: Runs Cucumber Scenarios<br>Parameters: "Get all batches from the database", "Batch Module Functionality"</td>
<td></td>
<td>0</td>
<td>testRunner.TestRunner@581ac8a8</td></tr>
<tr>
<td title='testRunner.TestRunner.runScenario()'><b>runScenario</b><br>Test class: testRunner.TestRunner<br>Test method: Runs Cucumber Scenarios<br>Parameters: "Updating Class with different values from Test data", "Class Module Functionality"</td>
<td></td>
<td>0</td>
<td>testRunner.TestRunner@581ac8a8</td></tr>
<tr>
<td title='testRunner.TestRunner.runScenario()'><b>runScenario</b><br>Test class: testRunner.TestRunner<br>Test method: Runs Cucumber Scenarios<br>Parameters: "Change the classId status to Active for chaining", "Class Module Functionality"</td>
<td></td>
<td>0</td>
<td>testRunner.TestRunner@581ac8a8</td></tr>
<tr>
<td title='testRunner.TestRunner.runScenario()'><b>runScenario</b><br>Test class: testRunner.TestRunner<br>Test method: Runs Cucumber Scenarios<br>Parameters: "Creating batch with different values from Test data", "Batch Module Functionality"</td>
<td></td>
<td>0</td>
<td>testRunner.TestRunner@581ac8a8</td></tr>
<tr>
<td title='testRunner.TestRunner.runScenario()'><b>runScenario</b><br>Test class: testRunner.TestRunner<br>Test method: Runs Cucumber Scenarios<br>Parameters: "Validating different Crud Operations with no auth", "Scenarios with No auth and Invalid Url"</td>
<td></td>
<td>0</td>
<td>testRunner.TestRunner@581ac8a8</td></tr>
<tr>
<td title='testRunner.TestRunner.runScenario()'><b>runScenario</b><br>Test class: testRunner.TestRunner<br>Test method: Runs Cucumber Scenarios<br>Parameters: "Get all batches by batchname", "Batch Module Functionality"</td>
<td></td>
<td>0</td>
<td>testRunner.TestRunner@581ac8a8</td></tr>
<tr>
<td title='testRunner.TestRunner.runScenario()'><b>runScenario</b><br>Test class: testRunner.TestRunner<br>Test method: Runs Cucumber Scenarios<br>Parameters: "Get batches by ProgramID", "Batch Module Functionality"</td>
<td></td>
<td>0</td>
<td>testRunner.TestRunner@581ac8a8</td></tr>
<tr>
<td title='testRunner.TestRunner.runScenario()'><b>runScenario</b><br>Test class: testRunner.TestRunner<br>Test method: Runs Cucumber Scenarios<br>Parameters: "Get Requests with different endpoints for Program valid", "Program Module Functionality"</td>
<td></td>
<td>1</td>
<td>testRunner.TestRunner@581ac8a8</td></tr>
<tr>
<td title='testRunner.TestRunner.runScenario()'><b>runScenario</b><br>Test class: testRunner.TestRunner<br>Test method: Runs Cucumber Scenarios<br>Parameters: "Get functionality for different endpoints for class invalid scenarios", "Class Module Functionality"</td>
<td></td>
<td>1</td>
<td>testRunner.TestRunner@581ac8a8</td></tr>
<tr>
<td title='testRunner.TestRunner.runScenario()'><b>runScenario</b><br>Test class: testRunner.TestRunner<br>Test method: Runs Cucumber Scenarios<br>Parameters: "Get functionality for different endpoints for class", "Class Module Functionality"</td>
<td></td>
<td>1</td>
<td>testRunner.TestRunner@581ac8a8</td></tr>
<tr>
<td title='testRunner.TestRunner.runScenario()'><b>runScenario</b><br>Test class: testRunner.TestRunner<br>Test method: Runs Cucumber Scenarios<br>Parameters: "Get functionality for different endpoints for class invalid scenarios", "Class Module Functionality"</td>
<td></td>
<td>0</td>
<td>testRunner.TestRunner@581ac8a8</td></tr>
<tr>
<td title='testRunner.TestRunner.runScenario()'><b>runScenario</b><br>Test class: testRunner.TestRunner<br>Test method: Runs Cucumber Scenarios<br>Parameters: "Deleting the batch by batch id", "Batch Module Functionality"</td>
<td></td>
<td>0</td>
<td>testRunner.TestRunner@581ac8a8</td></tr>
<tr>
<td title='testRunner.TestRunner.runScenario()'><b>runScenario</b><br>Test class: testRunner.TestRunner<br>Test method: Runs Cucumber Scenarios<br>Parameters: "Update the batchby Batchid", "Batch Module Functionality"</td>
<td></td>
<td>0</td>
<td>testRunner.TestRunner@581ac8a8</td></tr>
<tr>
<td title='testRunner.TestRunner.runScenario()'><b>runScenario</b><br>Test class: testRunner.TestRunner<br>Test method: Runs Cucumber Scenarios<br>Parameters: "Creating batch with different values from Test data", "Batch Module Functionality"</td>
<td></td>
<td>0</td>
<td>testRunner.TestRunner@581ac8a8</td></tr>
<tr>
<td title='testRunner.TestRunner.runScenario()'><b>runScenario</b><br>Test class: testRunner.TestRunner<br>Test method: Runs Cucumber Scenarios<br>Parameters: "Get Requests with different endpoints for Program invalid", "Program Module Functionality"</td>
<td></td>
<td>0</td>
<td>testRunner.TestRunner@581ac8a8</td></tr>
<tr>
<td title='testRunner.TestRunner.runScenario()'><b>runScenario</b><br>Test class: testRunner.TestRunner<br>Test method: Runs Cucumber Scenarios<br>Parameters: "Validating different Crud Operations with no auth", "Scenarios with No auth and Invalid Url"</td>
<td></td>
<td>0</td>
<td>testRunner.TestRunner@581ac8a8</td></tr>
<tr>
<td title='testRunner.TestRunner.runScenario()'><b>runScenario</b><br>Test class: testRunner.TestRunner<br>Test method: Runs Cucumber Scenarios<br>Parameters: "Get all batches from the database", "Batch Module Functionality"</td>
<td></td>
<td>0</td>
<td>testRunner.TestRunner@581ac8a8</td></tr>
<tr>
<td title='testRunner.TestRunner.runScenario()'><b>runScenario</b><br>Test class: testRunner.TestRunner<br>Test method: Runs Cucumber Scenarios<br>Parameters: "Validating different Crud Operations with no auth", "Scenarios with No auth and Invalid Url"</td>
<td></td>
<td>0</td>
<td>testRunner.TestRunner@581ac8a8</td></tr>
<tr>
<td title='testRunner.TestRunner.runScenario()'><b>runScenario</b><br>Test class: testRunner.TestRunner<br>Test method: Runs Cucumber Scenarios<br>Parameters: "Get functionality for different endpoints for class invalid scenarios", "Class Module Functionality"</td>
<td></td>
<td>0</td>
<td>testRunner.TestRunner@581ac8a8</td></tr>
<tr>
<td title='testRunner.TestRunner.runScenario()'><b>runScenario</b><br>Test class: testRunner.TestRunner<br>Test method: Runs Cucumber Scenarios<br>Parameters: "Update the batchby Batchid", "Batch Module Functionality"</td>
<td></td>
<td>0</td>
<td>testRunner.TestRunner@581ac8a8</td></tr>
<tr>
<td title='testRunner.TestRunner.runScenario()'><b>runScenario</b><br>Test class: testRunner.TestRunner<br>Test method: Runs Cucumber Scenarios<br>Parameters: "Validating different Crud Operations with no auth", "Scenarios with No auth and Invalid Url"</td>
<td></td>
<td>0</td>
<td>testRunner.TestRunner@581ac8a8</td></tr>
<tr>
<td title='testRunner.TestRunner.runScenario()'><b>runScenario</b><br>Test class: testRunner.TestRunner<br>Test method: Runs Cucumber Scenarios<br>Parameters: "Delete Requests with different endpoints for Program", "User Module Functionality"</td>
<td></td>
<td>1</td>
<td>testRunner.TestRunner@581ac8a8</td></tr>
<tr>
<td title='testRunner.TestRunner.runScenario()'><b>runScenario</b><br>Test class: testRunner.TestRunner<br>Test method: Runs Cucumber Scenarios<br>Parameters: "Creating user with different values from Test data", "Program Module Functionality"</td>
<td></td>
<td>0</td>
<td>testRunner.TestRunner@581ac8a8</td></tr>
<tr>
<td title='testRunner.TestRunner.runScenario()'><b>runScenario</b><br>Test class: testRunner.TestRunner<br>Test method: Runs Cucumber Scenarios<br>Parameters: "Validating different Crud Operations with no auth", "Scenarios with No auth and Invalid Url"</td>
<td></td>
<td>0</td>
<td>testRunner.TestRunner@581ac8a8</td></tr>
<tr>
<td title='testRunner.TestRunner.runScenario()'><b>runScenario</b><br>Test class: testRunner.TestRunner<br>Test method: Runs Cucumber Scenarios<br>Parameters: "Creating Class with different values from Test data", "Class Module Functionality"</td>
<td></td>
<td>0</td>
<td>testRunner.TestRunner@581ac8a8</td></tr>
<tr>
<td title='testRunner.TestRunner.runScenario()'><b>runScenario</b><br>Test class: testRunner.TestRunner<br>Test method: Runs Cucumber Scenarios<br>Parameters: "Validating different Crud Operations with no auth", "Scenarios with No auth and Invalid Url"</td>
<td></td>
<td>0</td>
<td>testRunner.TestRunner@581ac8a8</td></tr>
<tr>
<td title='testRunner.TestRunner.runScenario()'><b>runScenario</b><br>Test class: testRunner.TestRunner<br>Test method: Runs Cucumber Scenarios<br>Parameters: "Get Requests with different endpoints for Program invalid", "Program Module Functionality"</td>
<td></td>
<td>0</td>
<td>testRunner.TestRunner@581ac8a8</td></tr>
<tr>
<td title='testRunner.TestRunner.runScenario()'><b>runScenario</b><br>Test class: testRunner.TestRunner<br>Test method: Runs Cucumber Scenarios<br>Parameters: "Put Requests with different endpoints for Program", "Program Module Functionality"</td>
<td></td>
<td>0</td>
<td>testRunner.TestRunner@581ac8a8</td></tr>
<tr>
<td title='testRunner.TestRunner.runScenario()'><b>runScenario</b><br>Test class: testRunner.TestRunner<br>Test method: Runs Cucumber Scenarios<br>Parameters: "Updating Class with different values from Test data", "Class Module Functionality"</td>
<td></td>
<td>0</td>
<td>testRunner.TestRunner@581ac8a8</td></tr>
<tr>
<td title='testRunner.TestRunner.runScenario()'><b>runScenario</b><br>Test class: testRunner.TestRunner<br>Test method: Runs Cucumber Scenarios<br>Parameters: "Updating Class with different values from Test data", "Class Module Functionality"</td>
<td></td>
<td>0</td>
<td>testRunner.TestRunner@581ac8a8</td></tr>
<tr>
<td title='testRunner.TestRunner.runScenario()'><b>runScenario</b><br>Test class: testRunner.TestRunner<br>Test method: Runs Cucumber Scenarios<br>Parameters: "Get all batches by Batchid", "Batch Module Functionality"</td>
<td></td>
<td>0</td>
<td>testRunner.TestRunner@581ac8a8</td></tr>
<tr>
<td title='testRunner.TestRunner.runScenario()'><b>runScenario</b><br>Test class: testRunner.TestRunner<br>Test method: Runs Cucumber Scenarios<br>Parameters: "Validating LMS API using CRUD operations with Invalid URL", "Scenarios with No auth and Invalid Url"</td>
<td></td>
<td>1</td>
<td>testRunner.TestRunner@581ac8a8</td></tr>
<tr>
<td title='testRunner.TestRunner.runScenario()'><b>runScenario</b><br>Test class: testRunner.TestRunner<br>Test method: Runs Cucumber Scenarios<br>Parameters: "Cleanup all the ProgramId Generated", "User Module Functionality"</td>
<td></td>
<td>0</td>
<td>testRunner.TestRunner@581ac8a8</td></tr>
<tr>
<td title='testRunner.TestRunner.runScenario()'><b>runScenario</b><br>Test class: testRunner.TestRunner<br>Test method: Runs Cucumber Scenarios<br>Parameters: "Updating Class with different values from Test data", "Class Module Functionality"</td>
<td></td>
<td>0</td>
<td>testRunner.TestRunner@581ac8a8</td></tr>
<tr>
<td title='testRunner.TestRunner.runScenario()'><b>runScenario</b><br>Test class: testRunner.TestRunner<br>Test method: Runs Cucumber Scenarios<br>Parameters: "Cleanup all the UserId Generated", "User Module Functionality"</td>
<td></td>
<td>4</td>
<td>testRunner.TestRunner@581ac8a8</td></tr>
<tr>
<td title='testRunner.TestRunner.runScenario()'><b>runScenario</b><br>Test class: testRunner.TestRunner<br>Test method: Runs Cucumber Scenarios<br>Parameters: "Deleting the batch by batch id", "Batch Module Functionality"</td>
<td></td>
<td>0</td>
<td>testRunner.TestRunner@581ac8a8</td></tr>
<tr>
<td title='testRunner.TestRunner.runScenario()'><b>runScenario</b><br>Test class: testRunner.TestRunner<br>Test method: Runs Cucumber Scenarios<br>Parameters: "Validating different Crud Operations with no auth", "Scenarios with No auth and Invalid Url"</td>
<td></td>
<td>0</td>
<td>testRunner.TestRunner@581ac8a8</td></tr>
<tr>
<td title='testRunner.TestRunner.runScenario()'><b>runScenario</b><br>Test class: testRunner.TestRunner<br>Test method: Runs Cucumber Scenarios<br>Parameters: "Delete functionality for different values for class", "Class Module Functionality"</td>
<td></td>
<td>0</td>
<td>testRunner.TestRunner@581ac8a8</td></tr>
<tr>
<td title='testRunner.TestRunner.runScenario()'><b>runScenario</b><br>Test class: testRunner.TestRunner<br>Test method: Runs Cucumber Scenarios<br>Parameters: "Validating different Crud Operations with no auth", "Scenarios with No auth and Invalid Url"</td>
<td></td>
<td>0</td>
<td>testRunner.TestRunner@581ac8a8</td></tr>
<tr>
<td title='testRunner.TestRunner.runScenario()'><b>runScenario</b><br>Test class: testRunner.TestRunner<br>Test method: Runs Cucumber Scenarios<br>Parameters: "Put Requests with different endpoints for Program", "Program Module Functionality"</td>
<td></td>
<td>0</td>
<td>testRunner.TestRunner@581ac8a8</td></tr>
<tr>
<td title='testRunner.TestRunner.runScenario()'><b>runScenario</b><br>Test class: testRunner.TestRunner<br>Test method: Runs Cucumber Scenarios<br>Parameters: "Get functionality for different endpoints for class", "Class Module Functionality"</td>
<td></td>
<td>0</td>
<td>testRunner.TestRunner@581ac8a8</td></tr>
<tr>
<td title='testRunner.TestRunner.runScenario()'><b>runScenario</b><br>Test class: testRunner.TestRunner<br>Test method: Runs Cucumber Scenarios<br>Parameters: "Creating batch with different values from Test data", "Batch Module Functionality"</td>
<td></td>
<td>0</td>
<td>testRunner.TestRunner@581ac8a8</td></tr>
<tr>
<td title='testRunner.TestRunner.runScenario()'><b>runScenario</b><br>Test class: testRunner.TestRunner<br>Test method: Runs Cucumber Scenarios<br>Parameters: "Get functionality for different endpoints for class invalid scenarios", "Class Module Functionality"</td>
<td></td>
<td>0</td>
<td>testRunner.TestRunner@581ac8a8</td></tr>
<tr>
<td title='testRunner.TestRunner.runScenario()'><b>runScenario</b><br>Test class: testRunner.TestRunner<br>Test method: Runs Cucumber Scenarios<br>Parameters: "Update the batchby Batchid", "Batch Module Functionality"</td>
<td></td>
<td>0</td>
<td>testRunner.TestRunner@581ac8a8</td></tr>
<tr>
<td title='testRunner.TestRunner.runScenario()'><b>runScenario</b><br>Test class: testRunner.TestRunner<br>Test method: Runs Cucumber Scenarios<br>Parameters: "Updating Class with different values from Test data", "Class Module Functionality"</td>
<td></td>
<td>0</td>
<td>testRunner.TestRunner@581ac8a8</td></tr>
<tr>
<td title='testRunner.TestRunner.runScenario()'><b>runScenario</b><br>Test class: testRunner.TestRunner<br>Test method: Runs Cucumber Scenarios<br>Parameters: "Get functionality for different endpoints for class invalid scenarios", "Class Module Functionality"</td>
<td></td>
<td>0</td>
<td>testRunner.TestRunner@581ac8a8</td></tr>
<tr>
<td title='testRunner.TestRunner.runScenario()'><b>runScenario</b><br>Test class: testRunner.TestRunner<br>Test method: Runs Cucumber Scenarios<br>Parameters: "Validating different Crud Operations with no auth", "Scenarios with No auth and Invalid Url"</td>
<td></td>
<td>0</td>
<td>testRunner.TestRunner@581ac8a8</td></tr>
<tr>
<td title='testRunner.TestRunner.runScenario()'><b>runScenario</b><br>Test class: testRunner.TestRunner<br>Test method: Runs Cucumber Scenarios<br>Parameters: "Get functionality for different endpoints for User", "User Module Functionality"</td>
<td></td>
<td>2</td>
<td>testRunner.TestRunner@581ac8a8</td></tr>
<tr>
<td title='testRunner.TestRunner.runScenario()'><b>runScenario</b><br>Test class: testRunner.TestRunner<br>Test method: Runs Cucumber Scenarios<br>Parameters: "Validating different Crud Operations with no auth", "Scenarios with No auth and Invalid Url"</td>
<td></td>
<td>0</td>
<td>testRunner.TestRunner@581ac8a8</td></tr>
<tr>
<td title='testRunner.TestRunner.runScenario()'><b>runScenario</b><br>Test class: testRunner.TestRunner<br>Test method: Runs Cucumber Scenarios<br>Parameters: "Get functionality for different endpoints for User", "User Module Functionality"</td>
<td></td>
<td>3</td>
<td>testRunner.TestRunner@581ac8a8</td></tr>
<tr>
<td title='testRunner.TestRunner.runScenario()'><b>runScenario</b><br>Test class: testRunner.TestRunner<br>Test method: Runs Cucumber Scenarios<br>Parameters: "Get functionality for different endpoints for class invalid scenarios", "Class Module Functionality"</td>
<td></td>
<td>0</td>
<td>testRunner.TestRunner@581ac8a8</td></tr>
<tr>
<td title='testRunner.TestRunner.runScenario()'><b>runScenario</b><br>Test class: testRunner.TestRunner<br>Test method: Runs Cucumber Scenarios<br>Parameters: "Get functionality for different endpoints for class invalid scenarios", "Class Module Functionality"</td>
<td></td>
<td>0</td>
<td>testRunner.TestRunner@581ac8a8</td></tr>
<tr>
<td title='testRunner.TestRunner.runScenario()'><b>runScenario</b><br>Test class: testRunner.TestRunner<br>Test method: Runs Cucumber Scenarios<br>Parameters: "Updating Class with different values from Test data", "Class Module Functionality"</td>
<td></td>
<td>0</td>
<td>testRunner.TestRunner@581ac8a8</td></tr>
<tr>
<td title='testRunner.TestRunner.runScenario()'><b>runScenario</b><br>Test class: testRunner.TestRunner<br>Test method: Runs Cucumber Scenarios<br>Parameters: "Updating Class with different values from Test data", "Class Module Functionality"</td>
<td></td>
<td>0</td>
<td>testRunner.TestRunner@581ac8a8</td></tr>
<tr>
<td title='testRunner.TestRunner.runScenario()'><b>runScenario</b><br>Test class: testRunner.TestRunner<br>Test method: Runs Cucumber Scenarios<br>Parameters: "Delete functionality for different values for class", "Class Module Functionality"</td>
<td></td>
<td>0</td>
<td>testRunner.TestRunner@581ac8a8</td></tr>
<tr>
<td title='testRunner.TestRunner.runScenario()'><b>runScenario</b><br>Test class: testRunner.TestRunner<br>Test method: Runs Cucumber Scenarios<br>Parameters: "Put Requests with different endpoints for Program", "Program Module Functionality"</td>
<td></td>
<td>0</td>
<td>testRunner.TestRunner@581ac8a8</td></tr>
<tr>
<td title='testRunner.TestRunner.runScenario()'><b>runScenario</b><br>Test class: testRunner.TestRunner<br>Test method: Runs Cucumber Scenarios<br>Parameters: "Creating User with different values from Test data", "User Module Functionality"</td>
<td></td>
<td>0</td>
<td>testRunner.TestRunner@581ac8a8</td></tr>
<tr>
<td title='testRunner.TestRunner.runScenario()'><b>runScenario</b><br>Test class: testRunner.TestRunner<br>Test method: Runs Cucumber Scenarios<br>Parameters: "Get all batches by batchname", "Batch Module Functionality"</td>
<td></td>
<td>0</td>
<td>testRunner.TestRunner@581ac8a8</td></tr>
<tr>
<td title='testRunner.TestRunner.runScenario()'><b>runScenario</b><br>Test class: testRunner.TestRunner<br>Test method: Runs Cucumber Scenarios<br>Parameters: "Deleting the batch by batch id", "Batch Module Functionality"</td>
<td></td>
<td>0</td>
<td>testRunner.TestRunner@581ac8a8</td></tr>
<tr>
<td title='testRunner.TestRunner.runScenario()'><b>runScenario</b><br>Test class: testRunner.TestRunner<br>Test method: Runs Cucumber Scenarios<br>Parameters: "Update the batchby Batchid", "Batch Module Functionality"</td>
<td></td>
<td>0</td>
<td>testRunner.TestRunner@581ac8a8</td></tr>
<tr>
<td title='testRunner.TestRunner.runScenario()'><b>runScenario</b><br>Test class: testRunner.TestRunner<br>Test method: Runs Cucumber Scenarios<br>Parameters: "Get Requests with different endpoints for Program invalid", "Program Module Functionality"</td>
<td></td>
<td>0</td>
<td>testRunner.TestRunner@581ac8a8</td></tr>
<tr>
<td title='testRunner.TestRunner.runScenario()'><b>runScenario</b><br>Test class: testRunner.TestRunner<br>Test method: Runs Cucumber Scenarios<br>Parameters: "Update the batchby Batchid", "Batch Module Functionality"</td>
<td></td>
<td>0</td>
<td>testRunner.TestRunner@581ac8a8</td></tr>
<tr>
<td title='testRunner.TestRunner.runScenario()'><b>runScenario</b><br>Test class: testRunner.TestRunner<br>Test method: Runs Cucumber Scenarios<br>Parameters: "Get functionality for different endpoints for class", "Class Module Functionality"</td>
<td></td>
<td>0</td>
<td>testRunner.TestRunner@581ac8a8</td></tr>
<tr>
<td title='testRunner.TestRunner.runScenario()'><b>runScenario</b><br>Test class: testRunner.TestRunner<br>Test method: Runs Cucumber Scenarios<br>Parameters: "Validating different Crud Operations with no auth", "Scenarios with No auth and Invalid Url"</td>
<td></td>
<td>0</td>
<td>testRunner.TestRunner@581ac8a8</td></tr>
<tr>
<td title='testRunner.TestRunner.runScenario()'><b>runScenario</b><br>Test class: testRunner.TestRunner<br>Test method: Runs Cucumber Scenarios<br>Parameters: "Get functionality for different endpoints for class", "Class Module Functionality"</td>
<td></td>
<td>1</td>
<td>testRunner.TestRunner@581ac8a8</td></tr>
<tr>
<td title='testRunner.TestRunner.runScenario()'><b>runScenario</b><br>Test class: testRunner.TestRunner<br>Test method: Runs Cucumber Scenarios<br>Parameters: "Get functionality for different endpoints for class invalid scenarios", "Class Module Functionality"</td>
<td></td>
<td>0</td>
<td>testRunner.TestRunner@581ac8a8</td></tr>
<tr>
<td title='testRunner.TestRunner.runScenario()'><b>runScenario</b><br>Test class: testRunner.TestRunner<br>Test method: Runs Cucumber Scenarios<br>Parameters: "Validating different Crud Operations with no auth", "Scenarios with No auth and Invalid Url"</td>
<td></td>
<td>0</td>
<td>testRunner.TestRunner@581ac8a8</td></tr>
<tr>
<td title='testRunner.TestRunner.runScenario()'><b>runScenario</b><br>Test class: testRunner.TestRunner<br>Test method: Runs Cucumber Scenarios<br>Parameters: "Put Requests with different endpoints for Program", "Program Module Functionality"</td>
<td></td>
<td>0</td>
<td>testRunner.TestRunner@581ac8a8</td></tr>
<tr>
<td title='testRunner.TestRunner.runScenario()'><b>runScenario</b><br>Test class: testRunner.TestRunner<br>Test method: Runs Cucumber Scenarios<br>Parameters: "Get functionality for different endpoints for class invalid scenarios", "Class Module Functionality"</td>
<td></td>
<td>0</td>
<td>testRunner.TestRunner@581ac8a8</td></tr>
<tr>
<td title='testRunner.TestRunner.runScenario()'><b>runScenario</b><br>Test class: testRunner.TestRunner<br>Test method: Runs Cucumber Scenarios<br>Parameters: "Get functionality for different endpoints for User", "User Module Functionality"</td>
<td></td>
<td>0</td>
<td>testRunner.TestRunner@581ac8a8</td></tr>
<tr>
<td title='testRunner.TestRunner.runScenario()'><b>runScenario</b><br>Test class: testRunner.TestRunner<br>Test method: Runs Cucumber Scenarios<br>Parameters: "Creating User with different values from Test data", "User Module Functionality"</td>
<td></td>
<td>0</td>
<td>testRunner.TestRunner@581ac8a8</td></tr>
<tr>
<td title='testRunner.TestRunner.runScenario()'><b>runScenario</b><br>Test class: testRunner.TestRunner<br>Test method: Runs Cucumber Scenarios<br>Parameters: "Validating different Crud Operations with no auth", "Scenarios with No auth and Invalid Url"</td>
<td></td>
<td>0</td>
<td>testRunner.TestRunner@581ac8a8</td></tr>
<tr>
<td title='testRunner.TestRunner.runScenario()'><b>runScenario</b><br>Test class: testRunner.TestRunner<br>Test method: Runs Cucumber Scenarios<br>Parameters: "Creating Class with different values from Test data", "Class Module Functionality"</td>
<td></td>
<td>1</td>
<td>testRunner.TestRunner@581ac8a8</td></tr>
<tr>
<td title='testRunner.TestRunner.runScenario()'><b>runScenario</b><br>Test class: testRunner.TestRunner<br>Test method: Runs Cucumber Scenarios<br>Parameters: "Validating valid logout with no auth", "Scenarios with No auth and Invalid Url"</td>
<td></td>
<td>0</td>
<td>testRunner.TestRunner@581ac8a8</td></tr>
<tr>
<td title='testRunner.TestRunner.runScenario()'><b>runScenario</b><br>Test class: testRunner.TestRunner<br>Test method: Runs Cucumber Scenarios<br>Parameters: "Cleanup all the UserId Generated", "User Module Functionality"</td>
<td></td>
<td>1</td>
<td>testRunner.TestRunner@581ac8a8</td></tr>
<tr>
<td title='testRunner.TestRunner.runScenario()'><b>runScenario</b><br>Test class: testRunner.TestRunner<br>Test method: Runs Cucumber Scenarios<br>Parameters: "Creating user with different values from Test data", "Program Module Functionality"</td>
<td></td>
<td>0</td>
<td>testRunner.TestRunner@581ac8a8</td></tr>
<tr>
<td title='testRunner.TestRunner.runScenario()'><b>runScenario</b><br>Test class: testRunner.TestRunner<br>Test method: Runs Cucumber Scenarios<br>Parameters: "Get all batches by batchname", "Batch Module Functionality"</td>
<td></td>
<td>0</td>
<td>testRunner.TestRunner@581ac8a8</td></tr>
<tr>
<td title='testRunner.TestRunner.runScenario()'><b>runScenario</b><br>Test class: testRunner.TestRunner<br>Test method: Runs Cucumber Scenarios<br>Parameters: "Get functionality for different endpoints for class", "Class Module Functionality"</td>
<td></td>
<td>0</td>
<td>testRunner.TestRunner@581ac8a8</td></tr>
<tr>
<td title='testRunner.TestRunner.runScenario()'><b>runScenario</b><br>Test class: testRunner.TestRunner<br>Test method: Runs Cucumber Scenarios<br>Parameters: "Creating Class with different values from Test data", "Class Module Functionality"</td>
<td></td>
<td>0</td>
<td>testRunner.TestRunner@581ac8a8</td></tr>
<tr>
<td title='testRunner.TestRunner.runScenario()'><b>runScenario</b><br>Test class: testRunner.TestRunner<br>Test method: Runs Cucumber Scenarios<br>Parameters: "Validating different Crud Operations with no auth", "Scenarios with No auth and Invalid Url"</td>
<td></td>
<td>0</td>
<td>testRunner.TestRunner@581ac8a8</td></tr>
<tr>
<td title='testRunner.TestRunner.runScenario()'><b>runScenario</b><br>Test class: testRunner.TestRunner<br>Test method: Runs Cucumber Scenarios<br>Parameters: "Creating user with different values from Test data", "Program Module Functionality"</td>
<td></td>
<td>0</td>
<td>testRunner.TestRunner@581ac8a8</td></tr>
<tr>
<td title='testRunner.TestRunner.runScenario()'><b>runScenario</b><br>Test class: testRunner.TestRunner<br>Test method: Runs Cucumber Scenarios<br>Parameters: "Login functionality with different values from Tese data", "Login Functionality"</td>
<td></td>
<td>0</td>
<td>testRunner.TestRunner@581ac8a8</td></tr>
<tr>
<td title='testRunner.TestRunner.runScenario()'><b>runScenario</b><br>Test class: testRunner.TestRunner<br>Test method: Runs Cucumber Scenarios<br>Parameters: "Get Requests with different endpoints for Program valid", "Program Module Functionality"</td>
<td></td>
<td>0</td>
<td>testRunner.TestRunner@581ac8a8</td></tr>
<tr>
<td title='testRunner.TestRunner.runScenario()'><b>runScenario</b><br>Test class: testRunner.TestRunner<br>Test method: Runs Cucumber Scenarios<br>Parameters: "Validating different Crud Operations with no auth", "Scenarios with No auth and Invalid Url"</td>
<td></td>
<td>0</td>
<td>testRunner.TestRunner@581ac8a8</td></tr>
<tr>
<td title='testRunner.TestRunner.runScenario()'><b>runScenario</b><br>Test class: testRunner.TestRunner<br>Test method: Runs Cucumber Scenarios<br>Parameters: "Get all batches by Batchid", "Batch Module Functionality"</td>
<td></td>
<td>0</td>
<td>testRunner.TestRunner@581ac8a8</td></tr>
<tr>
<td title='testRunner.TestRunner.runScenario()'><b>runScenario</b><br>Test class: testRunner.TestRunner<br>Test method: Runs Cucumber Scenarios<br>Parameters: "Logout functionality with different values from Tese data", "Logout Functionality"</td>
<td></td>
<td>0</td>
<td>testRunner.TestRunner@581ac8a8</td></tr>
<tr>
<td title='testRunner.TestRunner.runScenario()'><b>runScenario</b><br>Test class: testRunner.TestRunner<br>Test method: Runs Cucumber Scenarios<br>Parameters: "Get functionality for different endpoints for User", "User Module Functionality"</td>
<td></td>
<td>0</td>
<td>testRunner.TestRunner@581ac8a8</td></tr>
<tr>
<td title='testRunner.TestRunner.runScenario()'><b>runScenario</b><br>Test class: testRunner.TestRunner<br>Test method: Runs Cucumber Scenarios<br>Parameters: "Creating user with different values from Test data", "Program Module Functionality"</td>
<td></td>
<td>0</td>
<td>testRunner.TestRunner@581ac8a8</td></tr>
<tr>
<td title='testRunner.TestRunner.runScenario()'><b>runScenario</b><br>Test class: testRunner.TestRunner<br>Test method: Runs Cucumber Scenarios<br>Parameters: "Login functionality with different values from Tese data", "Login Functionality"</td>
<td></td>
<td>0</td>
<td>testRunner.TestRunner@581ac8a8</td></tr>
<tr>
<td title='testRunner.TestRunner.runScenario()'><b>runScenario</b><br>Test class: testRunner.TestRunner<br>Test method: Runs Cucumber Scenarios<br>Parameters: "Get functionality for different endpoints for class invalid scenarios", "Class Module Functionality"</td>
<td></td>
<td>0</td>
<td>testRunner.TestRunner@581ac8a8</td></tr>
<tr>
<td title='testRunner.TestRunner.runScenario()'><b>runScenario</b><br>Test class: testRunner.TestRunner<br>Test method: Runs Cucumber Scenarios<br>Parameters: "Validating different Crud Operations with no auth", "Scenarios with No auth and Invalid Url"</td>
<td></td>
<td>0</td>
<td>testRunner.TestRunner@581ac8a8</td></tr>
<tr>
<td title='testRunner.TestRunner.runScenario()'><b>runScenario</b><br>Test class: testRunner.TestRunner<br>Test method: Runs Cucumber Scenarios<br>Parameters: "Get functionality for different endpoints for class invalid scenarios", "Class Module Functionality"</td>
<td></td>
<td>0</td>
<td>testRunner.TestRunner@581ac8a8</td></tr>
<tr>
<td title='testRunner.TestRunner.runScenario()'><b>runScenario</b><br>Test class: testRunner.TestRunner<br>Test method: Runs Cucumber Scenarios<br>Parameters: "Creating User with different values from Test data", "User Module Functionality"</td>
<td></td>
<td>0</td>
<td>testRunner.TestRunner@581ac8a8</td></tr>
<tr>
<td title='testRunner.TestRunner.runScenario()'><b>runScenario</b><br>Test class: testRunner.TestRunner<br>Test method: Runs Cucumber Scenarios<br>Parameters: "Get Requests with different endpoints for Program invalid", "Program Module Functionality"</td>
<td></td>
<td>0</td>
<td>testRunner.TestRunner@581ac8a8</td></tr>
<tr>
<td title='testRunner.TestRunner.runScenario()'><b>runScenario</b><br>Test class: testRunner.TestRunner<br>Test method: Runs Cucumber Scenarios<br>Parameters: "Creating Class with different values from Test data", "Class Module Functionality"</td>
<td></td>
<td>1</td>
<td>testRunner.TestRunner@581ac8a8</td></tr>
<tr>
<td title='testRunner.TestRunner.runScenario()'><b>runScenario</b><br>Test class: testRunner.TestRunner<br>Test method: Runs Cucumber Scenarios<br>Parameters: "Get Requests with different endpoints for Program valid", "Program Module Functionality"</td>
<td></td>
<td>0</td>
<td>testRunner.TestRunner@581ac8a8</td></tr>
<tr>
<td title='testRunner.TestRunner.runScenario()'><b>runScenario</b><br>Test class: testRunner.TestRunner<br>Test method: Runs Cucumber Scenarios<br>Parameters: "Validating different Crud Operations with no auth", "Scenarios with No auth and Invalid Url"</td>
<td></td>
<td>0</td>
<td>testRunner.TestRunner@581ac8a8</td></tr>
<tr>
<td title='testRunner.TestRunner.runScenario()'><b>runScenario</b><br>Test class: testRunner.TestRunner<br>Test method: Runs Cucumber Scenarios<br>Parameters: "Login functionality with different values from Tese data", "Login Functionality"</td>
<td></td>
<td>0</td>
<td>testRunner.TestRunner@581ac8a8</td></tr>
<tr>
<td title='testRunner.TestRunner.runScenario()'><b>runScenario</b><br>Test class: testRunner.TestRunner<br>Test method: Runs Cucumber Scenarios<br>Parameters: "Get batches by ProgramID", "Batch Module Functionality"</td>
<td></td>
<td>0</td>
<td>testRunner.TestRunner@581ac8a8</td></tr>
<tr>
<td title='testRunner.TestRunner.runScenario()'><b>runScenario</b><br>Test class: testRunner.TestRunner<br>Test method: Runs Cucumber Scenarios<br>Parameters: "Delete functionality for different values for class", "User Module Functionality"</td>
<td></td>
<td>0</td>
<td>testRunner.TestRunner@581ac8a8</td></tr>
<tr>
<td title='testRunner.TestRunner.runScenario()'><b>runScenario</b><br>Test class: testRunner.TestRunner<br>Test method: Runs Cucumber Scenarios<br>Parameters: "Get functionality for different endpoints for User", "User Module Functionality"</td>
<td></td>
<td>0</td>
<td>testRunner.TestRunner@581ac8a8</td></tr>
<tr>
<td title='testRunner.TestRunner.runScenario()'><b>runScenario</b><br>Test class: testRunner.TestRunner<br>Test method: Runs Cucumber Scenarios<br>Parameters: "Validating valid logout", "Logout Functionality"</td>
<td></td>
<td>0</td>
<td>testRunner.TestRunner@581ac8a8</td></tr>
<tr>
<td title='testRunner.TestRunner.runScenario()'><b>runScenario</b><br>Test class: testRunner.TestRunner<br>Test method: Runs Cucumber Scenarios<br>Parameters: "Delete functionality for different values for class", "Class Module Functionality"</td>
<td></td>
<td>0</td>
<td>testRunner.TestRunner@581ac8a8</td></tr>
<tr>
<td title='testRunner.TestRunner.runScenario()'><b>runScenario</b><br>Test class: testRunner.TestRunner<br>Test method: Runs Cucumber Scenarios<br>Parameters: "Validating different Crud Operations with no auth", "Scenarios with No auth and Invalid Url"</td>
<td></td>
<td>0</td>
<td>testRunner.TestRunner@581ac8a8</td></tr>
<tr>
<td title='testRunner.TestRunner.runScenario()'><b>runScenario</b><br>Test class: testRunner.TestRunner<br>Test method: Runs Cucumber Scenarios<br>Parameters: "Updating Class with different values from Test data", "Class Module Functionality"</td>
<td></td>
<td>0</td>
<td>testRunner.TestRunner@581ac8a8</td></tr>
<tr>
<td title='testRunner.TestRunner.runScenario()'><b>runScenario</b><br>Test class: testRunner.TestRunner<br>Test method: Runs Cucumber Scenarios<br>Parameters: "Get functionality for different endpoints for class invalid scenarios", "Class Module Functionality"</td>
<td></td>
<td>0</td>
<td>testRunner.TestRunner@581ac8a8</td></tr>
<tr>
<td title='testRunner.TestRunner.runScenario()'><b>runScenario</b><br>Test class: testRunner.TestRunner<br>Test method: Runs Cucumber Scenarios<br>Parameters: "Get functionality for different endpoints for class invalid scenarios", "Class Module Functionality"</td>
<td></td>
<td>0</td>
<td>testRunner.TestRunner@581ac8a8</td></tr>
<tr>
<td title='testRunner.TestRunner.runScenario()'><b>runScenario</b><br>Test class: testRunner.TestRunner<br>Test method: Runs Cucumber Scenarios<br>Parameters: "Get functionality for different endpoints for class invalid scenarios", "Class Module Functionality"</td>
<td></td>
<td>0</td>
<td>testRunner.TestRunner@581ac8a8</td></tr>
<tr>
<td title='testRunner.TestRunner.runScenario()'><b>runScenario</b><br>Test class: testRunner.TestRunner<br>Test method: Runs Cucumber Scenarios<br>Parameters: "Update the batchby Batchid", "Batch Module Functionality"</td>
<td></td>
<td>0</td>
<td>testRunner.TestRunner@581ac8a8</td></tr>
<tr>
<td title='testRunner.TestRunner.runScenario()'><b>runScenario</b><br>Test class: testRunner.TestRunner<br>Test method: Runs Cucumber Scenarios<br>Parameters: "Creating user with different values from Test data", "Program Module Functionality"</td>
<td></td>
<td>0</td>
<td>testRunner.TestRunner@581ac8a8</td></tr>
<tr>
<td title='testRunner.TestRunner.runScenario()'><b>runScenario</b><br>Test class: testRunner.TestRunner<br>Test method: Runs Cucumber Scenarios<br>Parameters: "Get functionality for different endpoints for User", "User Module Functionality"</td>
<td></td>
<td>5</td>
<td>testRunner.TestRunner@581ac8a8</td></tr>
<tr>
<td title='testRunner.TestRunner.runScenario()'><b>runScenario</b><br>Test class: testRunner.TestRunner<br>Test method: Runs Cucumber Scenarios<br>Parameters: "Get functionality for different endpoints for User", "User Module Functionality"</td>
<td></td>
<td>0</td>
<td>testRunner.TestRunner@581ac8a8</td></tr>
<tr>
<td title='testRunner.TestRunner.runScenario()'><b>runScenario</b><br>Test class: testRunner.TestRunner<br>Test method: Runs Cucumber Scenarios<br>Parameters: "Get Requests with different endpoints for Program invalid", "Program Module Functionality"</td>
<td></td>
<td>0</td>
<td>testRunner.TestRunner@581ac8a8</td></tr>
<tr>
<td title='testRunner.TestRunner.runScenario()'><b>runScenario</b><br>Test class: testRunner.TestRunner<br>Test method: Runs Cucumber Scenarios<br>Parameters: "Login functionality with different values from Tese data", "Login Functionality"</td>
<td></td>
<td>3</td>
<td>testRunner.TestRunner@581ac8a8</td></tr>
<tr>
<td title='testRunner.TestRunner.runScenario()'><b>runScenario</b><br>Test class: testRunner.TestRunner<br>Test method: Runs Cucumber Scenarios<br>Parameters: "Get functionality for different endpoints for class", "Class Module Functionality"</td>
<td></td>
<td>0</td>
<td>testRunner.TestRunner@581ac8a8</td></tr>
<tr>
<td title='testRunner.TestRunner.runScenario()'><b>runScenario</b><br>Test class: testRunner.TestRunner<br>Test method: Runs Cucumber Scenarios<br>Parameters: "Get functionality for different endpoints for class invalid scenarios", "Class Module Functionality"</td>
<td></td>
<td>0</td>
<td>testRunner.TestRunner@581ac8a8</td></tr>
<tr>
<td title='testRunner.TestRunner.runScenario()'><b>runScenario</b><br>Test class: testRunner.TestRunner<br>Test method: Runs Cucumber Scenarios<br>Parameters: "Get functionality for different endpoints for User", "User Module Functionality"</td>
<td></td>
<td>0</td>
<td>testRunner.TestRunner@581ac8a8</td></tr>
<tr>
<td title='testRunner.TestRunner.runScenario()'><b>runScenario</b><br>Test class: testRunner.TestRunner<br>Test method: Runs Cucumber Scenarios<br>Parameters: "Get functionality for different endpoints for class invalid scenarios", "Class Module Functionality"</td>
<td></td>
<td>0</td>
<td>testRunner.TestRunner@581ac8a8</td></tr>
<tr>
<td title='testRunner.TestRunner.runScenario()'><b>runScenario</b><br>Test class: testRunner.TestRunner<br>Test method: Runs Cucumber Scenarios<br>Parameters: "Get functionality for different endpoints for User", "User Module Functionality"</td>
<td></td>
<td>0</td>
<td>testRunner.TestRunner@581ac8a8</td></tr>
<tr>
<td title='testRunner.TestRunner.runScenario()'><b>runScenario</b><br>Test class: testRunner.TestRunner<br>Test method: Runs Cucumber Scenarios<br>Parameters: "Validating different Crud Operations with no auth", "Scenarios with No auth and Invalid Url"</td>
<td></td>
<td>0</td>
<td>testRunner.TestRunner@581ac8a8</td></tr>
<tr>
<td title='testRunner.TestRunner.runScenario()'><b>runScenario</b><br>Test class: testRunner.TestRunner<br>Test method: Runs Cucumber Scenarios<br>Parameters: "Get functionality for different endpoints for class invalid scenarios", "Class Module Functionality"</td>
<td></td>
<td>0</td>
<td>testRunner.TestRunner@581ac8a8</td></tr>
<tr>
<td title='testRunner.TestRunner.runScenario()'><b>runScenario</b><br>Test class: testRunner.TestRunner<br>Test method: Runs Cucumber Scenarios<br>Parameters: "Get functionality for different endpoints for class invalid scenarios", "Class Module Functionality"</td>
<td></td>
<td>0</td>
<td>testRunner.TestRunner@581ac8a8</td></tr>
<tr>
<td title='testRunner.TestRunner.runScenario()'><b>runScenario</b><br>Test class: testRunner.TestRunner<br>Test method: Runs Cucumber Scenarios<br>Parameters: "Get functionality for different endpoints for class invalid scenarios", "Class Module Functionality"</td>
<td></td>
<td>0</td>
<td>testRunner.TestRunner@581ac8a8</td></tr>
<tr>
<td title='testRunner.TestRunner.runScenario()'><b>runScenario</b><br>Test class: testRunner.TestRunner<br>Test method: Runs Cucumber Scenarios<br>Parameters: "Get all batches by Batchid", "Batch Module Functionality"</td>
<td></td>
<td>0</td>
<td>testRunner.TestRunner@581ac8a8</td></tr>
<tr>
<td title='testRunner.TestRunner.runScenario()'><b>runScenario</b><br>Test class: testRunner.TestRunner<br>Test method: Runs Cucumber Scenarios<br>Parameters: "Cleanup all the ClassId Generated", "User Module Functionality"</td>
<td></td>
<td>2</td>
<td>testRunner.TestRunner@581ac8a8</td></tr>
<tr>
<td title='testRunner.TestRunner.runScenario()'><b>runScenario</b><br>Test class: testRunner.TestRunner<br>Test method: Runs Cucumber Scenarios<br>Parameters: "Get functionality for different endpoints for class invalid scenarios", "Class Module Functionality"</td>
<td></td>
<td>0</td>
<td>testRunner.TestRunner@581ac8a8</td></tr>
<tr>
<td title='testRunner.TestRunner.runScenario()'><b>runScenario</b><br>Test class: testRunner.TestRunner<br>Test method: Runs Cucumber Scenarios<br>Parameters: "Creating user with different values from Test data", "Program Module Functionality"</td>
<td></td>
<td>0</td>
<td>testRunner.TestRunner@581ac8a8</td></tr>
<tr>
<td title='testRunner.TestRunner.runScenario()'><b>runScenario</b><br>Test class: testRunner.TestRunner<br>Test method: Runs Cucumber Scenarios<br>Parameters: "Creating user with different values from Test data", "Program Module Functionality"</td>
<td></td>
<td>0</td>
<td>testRunner.TestRunner@581ac8a8</td></tr>
<tr>
<td title='testRunner.TestRunner.runScenario()'><b>runScenario</b><br>Test class: testRunner.TestRunner<br>Test method: Runs Cucumber Scenarios<br>Parameters: "Creating batch with different values from Test data", "Batch Module Functionality"</td>
<td></td>
<td>0</td>
<td>testRunner.TestRunner@581ac8a8</td></tr>
<tr>
<td title='testRunner.TestRunner.runScenario()'><b>runScenario</b><br>Test class: testRunner.TestRunner<br>Test method: Runs Cucumber Scenarios<br>Parameters: "Get all batches by batchname", "Batch Module Functionality"</td>
<td></td>
<td>0</td>
<td>testRunner.TestRunner@581ac8a8</td></tr>
<tr>
<td title='testRunner.TestRunner.runScenario()'><b>runScenario</b><br>Test class: testRunner.TestRunner<br>Test method: Runs Cucumber Scenarios<br>Parameters: "Creating Class with different values from Test data", "Class Module Functionality"</td>
<td></td>
<td>0</td>
<td>testRunner.TestRunner@581ac8a8</td></tr>
<tr>
<td title='testRunner.TestRunner.runScenario()'><b>runScenario</b><br>Test class: testRunner.TestRunner<br>Test method: Runs Cucumber Scenarios<br>Parameters: "Validating different Crud Operations with no auth", "Scenarios with No auth and Invalid Url"</td>
<td></td>
<td>1</td>
<td>testRunner.TestRunner@581ac8a8</td></tr>
<tr>
<td title='testRunner.TestRunner.runScenario()'><b>runScenario</b><br>Test class: testRunner.TestRunner<br>Test method: Runs Cucumber Scenarios<br>Parameters: "Updating Class with different values from Test data", "Class Module Functionality"</td>
<td></td>
<td>0</td>
<td>testRunner.TestRunner@581ac8a8</td></tr>
<tr>
<td title='testRunner.TestRunner.runScenario()'><b>runScenario</b><br>Test class: testRunner.TestRunner<br>Test method: Runs Cucumber Scenarios<br>Parameters: "Validating different Crud Operations with no auth", "Scenarios with No auth and Invalid Url"</td>
<td></td>
<td>0</td>
<td>testRunner.TestRunner@581ac8a8</td></tr>
<tr>
<td title='testRunner.TestRunner.runScenario()'><b>runScenario</b><br>Test class: testRunner.TestRunner<br>Test method: Runs Cucumber Scenarios<br>Parameters: "Get functionality for different endpoints for User", "User Module Functionality"</td>
<td></td>
<td>0</td>
<td>testRunner.TestRunner@581ac8a8</td></tr>
<tr>
<td title='testRunner.TestRunner.runScenario()'><b>runScenario</b><br>Test class: testRunner.TestRunner<br>Test method: Runs Cucumber Scenarios<br>Parameters: "Get all batches by Batchid", "Batch Module Functionality"</td>
<td></td>
<td>0</td>
<td>testRunner.TestRunner@581ac8a8</td></tr>
<tr>
<td title='testRunner.TestRunner.runScenario()'><b>runScenario</b><br>Test class: testRunner.TestRunner<br>Test method: Runs Cucumber Scenarios<br>Parameters: "Validating different Crud Operations with no auth", "Scenarios with No auth and Invalid Url"</td>
<td></td>
<td>0</td>
<td>testRunner.TestRunner@581ac8a8</td></tr>
<tr>
<td title='testRunner.TestRunner.runScenario()'><b>runScenario</b><br>Test class: testRunner.TestRunner<br>Test method: Runs Cucumber Scenarios<br>Parameters: "Get functionality for different endpoints for class invalid scenarios", "Class Module Functionality"</td>
<td></td>
<td>0</td>
<td>testRunner.TestRunner@581ac8a8</td></tr>
<tr>
<td title='testRunner.TestRunner.runScenario()'><b>runScenario</b><br>Test class: testRunner.TestRunner<br>Test method: Runs Cucumber Scenarios<br>Parameters: "Put Requests with different endpoints for Program", "Program Module Functionality"</td>
<td></td>
<td>0</td>
<td>testRunner.TestRunner@581ac8a8</td></tr>
<tr>
<td title='testRunner.TestRunner.runScenario()'><b>runScenario</b><br>Test class: testRunner.TestRunner<br>Test method: Runs Cucumber Scenarios<br>Parameters: "Creating batch with different values from Test data", "Batch Module Functionality"</td>
<td></td>
<td>0</td>
<td>testRunner.TestRunner@581ac8a8</td></tr>
<tr>
<td title='testRunner.TestRunner.runScenario()'><b>runScenario</b><br>Test class: testRunner.TestRunner<br>Test method: Runs Cucumber Scenarios<br>Parameters: "Put Requests with different endpoints for Program", "Program Module Functionality"</td>
<td></td>
<td>0</td>
<td>testRunner.TestRunner@581ac8a8</td></tr>
<tr>
<td title='testRunner.TestRunner.runScenario()'><b>runScenario</b><br>Test class: testRunner.TestRunner<br>Test method: Runs Cucumber Scenarios<br>Parameters: "Validating different Crud Operations with no auth", "Scenarios with No auth and Invalid Url"</td>
<td></td>
<td>0</td>
<td>testRunner.TestRunner@581ac8a8</td></tr>
<tr>
<td title='testRunner.TestRunner.runScenario()'><b>runScenario</b><br>Test class: testRunner.TestRunner<br>Test method: Runs Cucumber Scenarios<br>Parameters: "Put Requests with different endpoints for Program", "Program Module Functionality"</td>
<td></td>
<td>0</td>
<td>testRunner.TestRunner@581ac8a8</td></tr>
<tr>
<td title='testRunner.TestRunner.runScenario()'><b>runScenario</b><br>Test class: testRunner.TestRunner<br>Test method: Runs Cucumber Scenarios<br>Parameters: "Login functionality with different values from Tese data", "Login Functionality"</td>
<td></td>
<td>0</td>
<td>testRunner.TestRunner@581ac8a8</td></tr>
<tr>
<td title='testRunner.TestRunner.runScenario()'><b>runScenario</b><br>Test class: testRunner.TestRunner<br>Test method: Runs Cucumber Scenarios<br>Parameters: "Updating Class with different values from Test data", "Class Module Functionality"</td>
<td></td>
<td>0</td>
<td>testRunner.TestRunner@581ac8a8</td></tr>
<tr>
<td title='testRunner.TestRunner.runScenario()'><b>runScenario</b><br>Test class: testRunner.TestRunner<br>Test method: Runs Cucumber Scenarios<br>Parameters: "Update the batchby Batchid", "Batch Module Functionality"</td>
<td></td>
<td>0</td>
<td>testRunner.TestRunner@581ac8a8</td></tr>
<tr>
<td title='testRunner.TestRunner.runScenario()'><b>runScenario</b><br>Test class: testRunner.TestRunner<br>Test method: Runs Cucumber Scenarios<br>Parameters: "Creating batch with different values from Test data", "Batch Module Functionality"</td>
<td></td>
<td>0</td>
<td>testRunner.TestRunner@581ac8a8</td></tr>
<tr>
<td title='testRunner.TestRunner.runScenario()'><b>runScenario</b><br>Test class: testRunner.TestRunner<br>Test method: Runs Cucumber Scenarios<br>Parameters: "Get functionality for different endpoints for User", "User Module Functionality"</td>
<td></td>
<td>2</td>
<td>testRunner.TestRunner@581ac8a8</td></tr>
<tr>
<td title='testRunner.TestRunner.runScenario()'><b>runScenario</b><br>Test class: testRunner.TestRunner<br>Test method: Runs Cucumber Scenarios<br>Parameters: "Get functionality for different endpoints for class", "Class Module Functionality"</td>
<td></td>
<td>0</td>
<td>testRunner.TestRunner@581ac8a8</td></tr>
<tr>
<td title='testRunner.TestRunner.runScenario()'><b>runScenario</b><br>Test class: testRunner.TestRunner<br>Test method: Runs Cucumber Scenarios<br>Parameters: "Get functionality for different endpoints for User", "User Module Functionality"</td>
<td></td>
<td>0</td>
<td>testRunner.TestRunner@581ac8a8</td></tr>
</table><p>
</body>
</html>